NOTE from PE     0: MPP_DOMAINS_SET_STACK_SIZE: stack size set to    32768.
NOTE from PE     0: MPP_DOMAINS_SET_STACK_SIZE: stack size set to   344000.
NOTE from PE     0: ======== Model being driven by MOM_driver ========
NOTE from PE     0: callTree: o Program MOM_main, MOM_driver.F90
NOTE from PE     0: open_param_file: MOM_input has been opened successfully.
NOTE from PE     0: open_param_file: MOM_override has been opened successfully.

WARNING from PE     0: MOM_file_parser : DT over-ridden.  Line: 'DT = 300' in file MOM_override.


WARNING from PE     0: MOM_file_parser : DT_THERM over-ridden.  Line: 'DT_THERM = 600' in file MOM_override.


WARNING from PE     0: MOM_file_parser : NIGLOBAL over-ridden.  Line: 'NIGLOBAL = 128' in file MOM_override.


WARNING from PE     0: MOM_file_parser : NJGLOBAL over-ridden.  Line: 'NJGLOBAL = 64' in file MOM_override.

 MOM_in domain decomposition
whalo =    4, ehalo =    4, shalo =    4, nhalo =    4
  X-AXIS =   32  32  32  32
  Y-AXIS =   32  32
 MOM_inc domain decomposition
whalo =    2, ehalo =    2, shalo =    2, nhalo =    2
  X-AXIS =   16  16  16  16
  Y-AXIS =   16  16
NOTE from PE     0: diag_manager_mod::diag_manager_init: prepend_date only supported when diag_manager_init is called with time_init present.
NOTE from PE     0: diag_manager_mod::diag_manager_init: You are using the legacy version of the diag table
 MOM_in domain decomposition
whalo =    4, ehalo =    4, shalo =    4, nhalo =    4
  X-AXIS =   32  32  32  32
  Y-AXIS =   32  32
 MOM_in domain decomposition
whalo =    2, ehalo =    2, shalo =    2, nhalo =    2
  X-AXIS =   16  16  16  16
  Y-AXIS =   16  16

WARNING from PE     0: MOM_file_parser : NK over-ridden.  Line: 'NK = 100' in file MOM_override.

 MOM_in domain decomposition
whalo =    4, ehalo =    4, shalo =    4, nhalo =    4
  X-AXIS =   32  32  32  32
  Y-AXIS =   32  32
 MOM_in domain decomposition
whalo =    2, ehalo =    2, shalo =    2, nhalo =    2
  X-AXIS =   16  16  16  16
  Y-AXIS =   16  16

WARNING from PE     0: Open_file is appending .nc to the filename ./ocean_geometry


WARNING from PE     0: MOM_file_parser : COORD_CONFIG over-ridden.  Line: 'COORD_CONFIG = "linear"' in file MOM_override.

 MOM_in domain decomposition
whalo =    4, ehalo =    4, shalo =    4, nhalo =    4
  X-AXIS =   32  32  32  32
  Y-AXIS =   32  32
 MOM_in domain decomposition
whalo =    2, ehalo =    2, shalo =    2, nhalo =    2
  X-AXIS =   16  16  16  16
  Y-AXIS =   16  16
 MOM_in domain decomposition
whalo =    4, ehalo =    4, shalo =    4, nhalo =    4
  X-AXIS =   32  32  32  32
  Y-AXIS =   32  32
 MOM_in domain decomposition
whalo =    2, ehalo =    2, shalo =    2, nhalo =    2
  X-AXIS =   16  16  16  16
  Y-AXIS =   16  16

WARNING from PE     0: ./Depth_list.nc checksums do not match; updating file.


WARNING from PE     0: MOM_file_parser : DT_FORCING over-ridden.  Line: 'DT_FORCING = 600' in file MOM_override.


WARNING from PE     0: MOM_file_parser : DAYMAX over-ridden.  Line: 'DAYMAX = 150' in file MOM_override.


WARNING from PE     0: Unused line in MOM_input : GINT = 0.0098


WARNING from PE     0: open_ASCII_file: File ./CPU_stats opened WRITEONLY already exists!


WARNING from PE     0: open_ASCII_file: File ./ocean.stats opened WRITEONLY already exists!

MOM Time       0.000      0: En 9.160882E-12, MaxCFL  0.00000, Mass 5.286809263738E+18
    Total Energy: 41871816D0E7EC73  4.8431834113243960E+07
    Total Mass:   5.2868092637381356E+18, Change:   0.0000000000000000E+00 Error:  0.00000E+00 ( 0.0E+00)
MOM Time      74.000     74: En 6.538355E-05, MaxCFL  0.00169, Mass 5.286809263739E+18
    Total Energy: 42F3A62A68BD6521  3.4567035209889806E+14
    Total Mass:   5.2868092637392783E+18, Change:   1.1425472868426342E+06 Error:  1.14255E+06 ( 2.2E-13)
 MOM_in domain decomposition
whalo =    4, ehalo =    4, shalo =    4, nhalo =    4
  X-AXIS =   32  32  32  32
  Y-AXIS =   32  32
 MOM_in domain decomposition
whalo =    2, ehalo =    2, shalo =    2, nhalo =    2
  X-AXIS =   16  16  16  16
  Y-AXIS =   16  16
 MOM_in domain decomposition
whalo =    4, ehalo =    4, shalo =    4, nhalo =    4
  X-AXIS =   32  32  32  32
  Y-AXIS =   32  32
 MOM_in domain decomposition
whalo =    2, ehalo =    2, shalo =    2, nhalo =    2
  X-AXIS =   16  16  16  16
  Y-AXIS =   16  16
MOM Time     150.000    150: En 6.205042E-05, MaxCFL  0.00121, Mass 5.286809263739E+18
    Total Energy: 42F2A5BCDBDA6268  3.2804875885930250E+14
    Total Mass:   5.2868092637392783E+18, Change:   3.3143040600146549E+01 Error:  3.31430E+01 ( 6.3E-18)
 MOM_in domain decomposition
whalo =    4, ehalo =    4, shalo =    4, nhalo =    4
  X-AXIS =   32  32  32  32
  Y-AXIS =   32  32
 MOM_in domain decomposition
whalo =    2, ehalo =    2, shalo =    2, nhalo =    2
  X-AXIS =   16  16  16  16
  Y-AXIS =   16  16

WARNING from PE     0: open_ASCII_file: File RESTART/ocean_solo.res opened WRITEONLY already exists!


WARNING from PE     0: open_ASCII_file: File exitcode opened WRITEONLY already exists!

NOTE from PE     0: Potential error in diag_manager_end: u NOT available, check if output interval > runlength. Netcdf fill_values are written
NOTE from PE     0: Potential error in diag_manager_end: v NOT available, check if output interval > runlength. Netcdf fill_values are written
NOTE from PE     0: Potential error in diag_manager_end: h NOT available, check if output interval > runlength. Netcdf fill_values are written
NOTE from PE     0: Potential error in diag_manager_end: e NOT available, check if output interval > runlength. Netcdf fill_values are written
NOTE from PE     0: Potential error in diag_manager_end: u NOT available, check if output interval > runlength. Netcdf fill_values are written
NOTE from PE     0: Potential error in diag_manager_end: v NOT available, check if output interval > runlength. Netcdf fill_values are written
NOTE from PE     0: Potential error in diag_manager_end: h NOT available, check if output interval > runlength. Netcdf fill_values are written
NOTE from PE     0: Potential error in diag_manager_end: e NOT available, check if output interval > runlength. Netcdf fill_values are written
NOTE from PE     0: Potential error in diag_manager_end: uh NOT available, check if output interval > runlength. Netcdf fill_values are written
NOTE from PE     0: Potential error in diag_manager_end: vh NOT available, check if output interval > runlength. Netcdf fill_values are written
 MPP_DOMAINS_STACK high water mark=      202400

Tabulating mpp_clock statistics across      8 PEs...

                                      hits          tmin          tmax          tavg          tstd  tfrac grain pemin pemax
Total runtime                            1     17.010880     17.010880     17.010880      0.000000  1.000     0     0     7
Initialization                           1      0.122636      0.122804      0.122662      0.000054  0.007     0     0     7
Main loop                                1     16.694744     16.694744     16.694744      0.000000  0.981     0     0     7
Termination                              1      0.192036      0.192049      0.192038      0.000004  0.011     0     0     7
Ocean Initialization                     2      0.121267      0.123386      0.121538      0.000698  0.007    11     0     7
Ocean                                   75     16.463026     16.463335     16.463083      0.000096  0.968     1     0     7
Ocean dynamics                         300     15.814759     15.814795     15.814775      0.000010  0.930    11     0     7
Ocean thermodynamics and tracers       225      0.067861      0.068538      0.068189      0.000225  0.004    11     0     7
Ocean grid generation and remapp         0      0.000000      0.000000      0.000000      0.000000  0.000    11     0     7
Ocean Other                            450      0.407179      0.410780      0.408919      0.001381  0.024    11     0     7
(Ocean tracer advection)               150      0.044040      0.044540      0.044397      0.000169  0.003    21     0     7
(Ocean adiabatic driver)                75      0.023266      0.023800      0.023542      0.000145  0.001    21     0     7
(Ocean continuity equation *)            0      0.000000      0.000000      0.000000      0.000000  0.000    31     0     7
(Ocean set BBL viscosity)               75      0.211159      0.263650      0.237939      0.018395  0.014    31     0     7
(Ocean message passing *)              150      0.072531      0.079660      0.076321      0.003166  0.004    31     0     7
(Ocean MOM_initialize_state)             2      0.003617      0.004854      0.003848      0.000384  0.000    31     0     7
(Ocean init message passing *)           2      0.000408      0.000643      0.000535      0.000090  0.000    41     0     7
(Ocean mixed layer restrat)              0      0.000000      0.000000      0.000000      0.000000  0.000    31     0     7
(Ocean collective diagnostics)         375      0.361027      0.364951      0.362880      0.001479  0.021    31     0     7
(Ocean Z-space diagnostics)              0      0.000000      0.000000      0.000000      0.000000  0.000    31     0     7
(Ocean ALE)                              0      0.000000      0.000000      0.000000      0.000000  0.000    31     0     7
(Stochastic EOS)                       150      0.000006      0.000012      0.000008      0.000002  0.000    31     0     7
(SGS Temperature Variance)             150      0.000005      0.000011      0.000006      0.000002  0.000    31     0     7
(Ocean diagnostics framework)          600      0.502613      0.524779      0.513050      0.008866  0.030    31     0     7
(Ocean diagnostics remapping)            0      0.000000      0.000000      0.000000      0.000000  0.000    41     0     7
(Ocean diagnostics grid updates)       526      0.063125      0.065105      0.064348      0.000594  0.004    41     0     7
(Ocean init message passing)             4      0.001659      0.001992      0.001826      0.000142  0.000    41     0     7
(Ocean continuity reconstruction       902      0.610329      0.657817      0.634118      0.015709  0.037    41     0     7
(Ocean continuity update)              902      0.360372      0.366629      0.364069      0.002149  0.021    41     0     7
(Ocean continuity correction)          902      3.359623      3.621055      3.536004      0.103896  0.208    41     0     7
(Ocean BT pre-calcs only)             1200      2.029008      2.107312      2.054461      0.024436  0.121    41     0     7
(Ocean BT pre-step halo updates)      1200      0.039421      0.042973      0.041328      0.001322  0.002    41     0     7
(Ocean BT stepping calcs only)         600      0.055142      0.057133      0.056096      0.000621  0.003    41     0     7
(Ocean BT stepping halo updates)       300      0.002760      0.003531      0.003170      0.000290  0.000    41     0     7
(Ocean BT post-calcs only)             900      0.249347      0.268813      0.257179      0.007103  0.015    41     0     7
(Ocean BT post-step halo updates       600      0.004135      0.005494      0.004882      0.000524  0.000    41     0     7
(Ocean BT global synch)                  0      0.000000      0.000000      0.000000      0.000000  0.000    41     0     7
(Ocean Coriolis & mom advection)       300      0.574325      0.581640      0.577330      0.002015  0.034    31     0     7
(Ocean continuity equation)            450      4.735847      4.742347      4.739632      0.002644  0.279    31     0     7
(Ocean pressure force)                 150      0.993890      1.007274      1.002061      0.005090  0.059    31     0     7
(Ocean vertical viscosity)             450      3.083018      3.215340      3.150057      0.042819  0.185    31     0     7
(Ocean horizontal viscosity)           150      0.710430      0.722359      0.716534      0.003456  0.042    31     0     7
(Ocean momentum increments)            300      0.455516      0.483298      0.470362      0.009423  0.028    31     0     7
(Ocean message passing)               1350      0.563357      0.694045      0.634890      0.052192  0.037    31     0     7
(Ocean barotropic mode calc)           300      0.031849      0.037669      0.034269      0.002355  0.002    31     0     7
(Ocean barotropic mode stepping)       300      2.509113      2.528130      2.516737      0.006958  0.148    31     0     7
(Ocean barotropic forcing calc)        300      0.546887      0.572904      0.562274      0.008254  0.033    31     0     7
(Ocean advect tracer)                    0      0.000000      0.000000      0.000000      0.000000  0.000    31     0     7
(Ocean tracer halo updates)              0      0.000000      0.000000      0.000000      0.000000  0.000    41     0     7
(Ocean tracer global synch)              0      0.000000      0.000000      0.000000      0.000000  0.000    41     0     7
(Ocean diffuse tracer)                   0      0.000000      0.000000      0.000000      0.000000  0.000    31     0     7
(Ocean epipycnal diffuse tracer)         0      0.000000      0.000000      0.000000      0.000000  0.000    31     0     7
(Ocean surface forcing)                 76      0.000844      0.001336      0.000917      0.000158  0.000    31     0     7
(Ocean forcing diagnostics)            150      0.000349      0.000375      0.000363      0.000008  0.000    41     0     7
 MPP_STACK high water mark=           0
