NOTE from PE     0: MPP_DOMAINS_SET_STACK_SIZE: stack size set to    32768.
NOTE from PE     0: MPP_DOMAINS_SET_STACK_SIZE: stack size set to   344000.
NOTE from PE     0: ======== Model being driven by MOM_driver ========
NOTE from PE     0: callTree: o Program MOM_main, MOM_driver.F90
NOTE from PE     0: open_param_file: MOM_input has been opened successfully.
NOTE from PE     0: open_param_file: MOM_override has been opened successfully.

WARNING from PE     0: MOM_file_parser : DT over-ridden.  Line: 'DT = 100' in file MOM_override.


WARNING from PE     0: MOM_file_parser : DT_THERM over-ridden.  Line: 'DT_THERM = 200' in file MOM_override.


WARNING from PE     0: MOM_file_parser : NIGLOBAL over-ridden.  Line: 'NIGLOBAL = 384' in file MOM_override.


WARNING from PE     0: MOM_file_parser : NJGLOBAL over-ridden.  Line: 'NJGLOBAL = 256' in file MOM_override.

 MOM_in domain decomposition
whalo =    4, ehalo =    4, shalo =    4, nhalo =    4
  X-AXIS =   32  32  32  32  32  32  32  32  32  32  32  32
  Y-AXIS =   32  32  32  32  32  32  32  32
 MOM_inc domain decomposition
whalo =    2, ehalo =    2, shalo =    2, nhalo =    2
  X-AXIS =   16  16  16  16  16  16  16  16  16  16  16  16
  Y-AXIS =   16  16  16  16  16  16  16  16
NOTE from PE     0: diag_manager_mod::diag_manager_init: prepend_date only supported when diag_manager_init is called with time_init present.
NOTE from PE     0: diag_manager_mod::diag_manager_init: You are using the legacy version of the diag table
 MOM_in domain decomposition
whalo =    4, ehalo =    4, shalo =    4, nhalo =    4
  X-AXIS =   32  32  32  32  32  32  32  32  32  32  32  32
  Y-AXIS =   32  32  32  32  32  32  32  32
 MOM_in domain decomposition
whalo =    2, ehalo =    2, shalo =    2, nhalo =    2
  X-AXIS =   16  16  16  16  16  16  16  16  16  16  16  16
  Y-AXIS =   16  16  16  16  16  16  16  16

WARNING from PE     0: MOM_file_parser : NK over-ridden.  Line: 'NK = 100' in file MOM_override.

 MOM_in domain decomposition
whalo =    4, ehalo =    4, shalo =    4, nhalo =    4
  X-AXIS =   32  32  32  32  32  32  32  32  32  32  32  32
  Y-AXIS =   32  32  32  32  32  32  32  32
 MOM_in domain decomposition
whalo =    2, ehalo =    2, shalo =    2, nhalo =    2
  X-AXIS =   16  16  16  16  16  16  16  16  16  16  16  16
  Y-AXIS =   16  16  16  16  16  16  16  16

WARNING from PE     0: Open_file is appending .nc to the filename ./ocean_geometry


WARNING from PE     0: MOM_file_parser : COORD_CONFIG over-ridden.  Line: 'COORD_CONFIG = "linear"' in file MOM_override.

 MOM_in domain decomposition
whalo =    4, ehalo =    4, shalo =    4, nhalo =    4
  X-AXIS =   32  32  32  32  32  32  32  32  32  32  32  32
  Y-AXIS =   32  32  32  32  32  32  32  32
 MOM_in domain decomposition
whalo =    2, ehalo =    2, shalo =    2, nhalo =    2
  X-AXIS =   16  16  16  16  16  16  16  16  16  16  16  16
  Y-AXIS =   16  16  16  16  16  16  16  16
 MOM_in domain decomposition
whalo =    4, ehalo =    4, shalo =    4, nhalo =    4
  X-AXIS =   32  32  32  32  32  32  32  32  32  32  32  32
  Y-AXIS =   32  32  32  32  32  32  32  32
 MOM_in domain decomposition
whalo =    2, ehalo =    2, shalo =    2, nhalo =    2
  X-AXIS =   16  16  16  16  16  16  16  16  16  16  16  16
  Y-AXIS =   16  16  16  16  16  16  16  16

WARNING from PE     0: ./Depth_list.nc checksums do not match; updating file.


WARNING from PE     0: MOM_file_parser : DT_FORCING over-ridden.  Line: 'DT_FORCING = 200' in file MOM_override.


WARNING from PE     0: MOM_file_parser : DAYMAX over-ridden.  Line: 'DAYMAX = 150' in file MOM_override.


WARNING from PE     0: Unused line in MOM_input : GINT = 0.0098


WARNING from PE     0: open_ASCII_file: File ./CPU_stats opened WRITEONLY already exists!


WARNING from PE     0: open_ASCII_file: File ./ocean.stats opened WRITEONLY already exists!

MOM Time       0.000      0: En 9.167442E-12, MaxCFL  0.00000, Mass 5.286439414611E+18
    Total Energy: 41871BE8B5EB7204  4.8463126739963561E+07
    Total Mass:   5.2864394146114447E+18, Change:   0.0000000000000000E+00 Error:  0.00000E+00 ( 0.0E+00)
MOM Time      74.000     74: En 1.270252E-05, MaxCFL  0.00125, Mass 5.286439414613E+18
    Total Energy: 42CE896A630C239A  6.7151088457799203E+13
    Total Mass:   5.2864394146131866E+18, Change:   1.7379408813519313E+06 Error:  1.73794E+06 ( 3.3E-13)
 MOM_in domain decomposition
whalo =    4, ehalo =    4, shalo =    4, nhalo =    4
  X-AXIS =   32  32  32  32  32  32  32  32  32  32  32  32
  Y-AXIS =   32  32  32  32  32  32  32  32
 MOM_in domain decomposition
whalo =    2, ehalo =    2, shalo =    2, nhalo =    2
  X-AXIS =   16  16  16  16  16  16  16  16  16  16  16  16
  Y-AXIS =   16  16  16  16  16  16  16  16
 MOM_in domain decomposition
whalo =    4, ehalo =    4, shalo =    4, nhalo =    4
  X-AXIS =   32  32  32  32  32  32  32  32  32  32  32  32
  Y-AXIS =   32  32  32  32  32  32  32  32
 MOM_in domain decomposition
whalo =    2, ehalo =    2, shalo =    2, nhalo =    2
  X-AXIS =   16  16  16  16  16  16  16  16  16  16  16  16
  Y-AXIS =   16  16  16  16  16  16  16  16
MOM Time     150.000    150: En 4.038870E-05, MaxCFL  0.00184, Mass 5.286439414615E+18
    Total Energy: 42E846076F581377  2.1351241211919572E+14
    Total Mass:   5.2864394146145126E+18, Change:   1.3263860083355005E+06 Error:  1.32639E+06 ( 2.5E-13)
 MOM_in domain decomposition
whalo =    4, ehalo =    4, shalo =    4, nhalo =    4
  X-AXIS =   32  32  32  32  32  32  32  32  32  32  32  32
  Y-AXIS =   32  32  32  32  32  32  32  32
 MOM_in domain decomposition
whalo =    2, ehalo =    2, shalo =    2, nhalo =    2
  X-AXIS =   16  16  16  16  16  16  16  16  16  16  16  16
  Y-AXIS =   16  16  16  16  16  16  16  16

WARNING from PE     0: open_ASCII_file: File RESTART/ocean_solo.res opened WRITEONLY already exists!


WARNING from PE     0: open_ASCII_file: File exitcode opened WRITEONLY already exists!

NOTE from PE     0: Potential error in diag_manager_end: u NOT available, check if output interval > runlength. Netcdf fill_values are written
NOTE from PE     0: Potential error in diag_manager_end: v NOT available, check if output interval > runlength. Netcdf fill_values are written
NOTE from PE     0: Potential error in diag_manager_end: h NOT available, check if output interval > runlength. Netcdf fill_values are written
NOTE from PE     0: Potential error in diag_manager_end: e NOT available, check if output interval > runlength. Netcdf fill_values are written
NOTE from PE     0: Potential error in diag_manager_end: u NOT available, check if output interval > runlength. Netcdf fill_values are written
NOTE from PE     0: Potential error in diag_manager_end: v NOT available, check if output interval > runlength. Netcdf fill_values are written
NOTE from PE     0: Potential error in diag_manager_end: h NOT available, check if output interval > runlength. Netcdf fill_values are written
NOTE from PE     0: Potential error in diag_manager_end: e NOT available, check if output interval > runlength. Netcdf fill_values are written
NOTE from PE     0: Potential error in diag_manager_end: uh NOT available, check if output interval > runlength. Netcdf fill_values are written
NOTE from PE     0: Potential error in diag_manager_end: vh NOT available, check if output interval > runlength. Netcdf fill_values are written
 MPP_DOMAINS_STACK high water mark=      275200

Tabulating mpp_clock statistics across     96 PEs...

                                      hits          tmin          tmax          tavg          tstd  tfrac grain pemin pemax
Total runtime                            1     29.495192     29.495201     29.495184      0.000008  1.000     0     0    95
Initialization                           1      0.237435      0.237658      0.237575      0.000055  0.008     0     0    95
Main loop                                1     28.011919     28.011921     28.011919      0.000000  0.950     0     0    95
Termination                              1      1.242963      1.243008      1.242964      0.000005  0.042     0     0    95
Ocean Initialization                     2      0.231435      0.235388      0.231649      0.000390  0.008    11     0    95
Ocean                                   75     26.553352     26.554050     26.553656      0.000124  0.900     1     0    95
Ocean dynamics                         300     25.244061     25.244415     25.244204      0.000076  0.856    11     0    95
Ocean thermodynamics and tracers       225      0.134141      0.141810      0.139029      0.002127  0.005    11     0    95
Ocean grid generation and remapp         0      0.000000      0.000000      0.000000      0.000000  0.000    11     0    95
Ocean Other                            450      0.725049      0.749631      0.743225      0.005087  0.025    11     0    95
(Ocean tracer advection)               150      0.085970      0.091606      0.089188      0.001563  0.003    21     0    95
(Ocean adiabatic driver)                75      0.046923      0.051069      0.048891      0.000977  0.002    21     0    95
(Ocean continuity equation *)            0      0.000000      0.000000      0.000000      0.000000  0.000    31     0    95
(Ocean set BBL viscosity)               75      0.274600      0.388728      0.323163      0.029683  0.011    31     0    95
(Ocean message passing *)              150      0.164558      0.231575      0.207379      0.019034  0.007    31     0    95
(Ocean MOM_initialize_state)             2      0.006094      0.007799      0.007290      0.000345  0.000    31     0    95
(Ocean init message passing *)           2      0.000862      0.002288      0.001848      0.000332  0.000    41     0    95
(Ocean mixed layer restrat)              0      0.000000      0.000000      0.000000      0.000000  0.000    31     0    95
(Ocean collective diagnostics)         375      0.656967      0.680992      0.675237      0.004924  0.023    31     0    95
(Ocean Z-space diagnostics)              0      0.000000      0.000000      0.000000      0.000000  0.000    31     0    95
(Ocean ALE)                              0      0.000000      0.000000      0.000000      0.000000  0.000    31     0    95
(Stochastic EOS)                       150      0.000006      0.000030      0.000008      0.000003  0.000    31     0    95
(SGS Temperature Variance)             150      0.000005      0.000029      0.000006      0.000003  0.000    31     0    95
(Ocean diagnostics framework)          600      0.857002      0.916105      0.889381      0.013954  0.030    31     0    95
(Ocean diagnostics remapping)            0      0.000000      0.000000      0.000000      0.000000  0.000    41     0    95
(Ocean diagnostics grid updates)       526      0.119602      0.127160      0.123639      0.001921  0.004    41     0    95
(Ocean init message passing)             4      0.003333      0.005599      0.004810      0.000643  0.000    41     0    95
(Ocean continuity reconstruction       902      1.050925      1.188089      1.121234      0.029445  0.038    41     0    95
(Ocean continuity update)              902      0.510499      0.569998      0.542687      0.012567  0.018    41     0    95
(Ocean continuity correction)          902      3.957841      5.293308      4.896160      0.310927  0.166    41     0    95
(Ocean BT pre-calcs only)             1200      2.984167      3.145899      3.069911      0.037463  0.104    41     0    95
(Ocean BT pre-step halo updates)      1200      0.062119      0.081598      0.074897      0.004666  0.003    41     0    95
(Ocean BT stepping calcs only)         600      0.066870      0.071750      0.069491      0.001114  0.002    41     0    95
(Ocean BT stepping halo updates)       300      0.003578      0.006644      0.005591      0.000897  0.000    41     0    95
(Ocean BT post-calcs only)             900      0.313952      0.373169      0.338516      0.012412  0.011    41     0    95
(Ocean BT post-step halo updates       600      0.006362      0.012156      0.010292      0.001598  0.000    41     0    95
(Ocean BT global synch)                  0      0.000000      0.000000      0.000000      0.000000  0.000    41     0    95
(Ocean Coriolis & mom advection)       300      0.920658      0.964405      0.946453      0.012725  0.032    31     0    95
(Ocean continuity equation)            450      7.220770      7.241942      7.229813      0.004840  0.245    31     0    95
(Ocean pressure force)                 150      1.730383      1.825303      1.789177      0.024732  0.061    31     0    95
(Ocean vertical viscosity)             450      4.148378      4.435393      4.284755      0.061917  0.145    31     0    95
(Ocean horizontal viscosity)           150      0.773278      0.794633      0.784483      0.004210  0.027    31     0    95
(Ocean momentum increments)            300      0.811660      0.863787      0.841434      0.012841  0.029    31     0    95
(Ocean message passing)               1350      1.116819      1.857299      1.591216      0.193303  0.054    31     0    95
(Ocean barotropic mode calc)           300      0.044151      0.074272      0.054257      0.005744  0.002    31     0    95
(Ocean barotropic mode stepping)       300      3.779795      3.838488      3.803941      0.012265  0.129    31     0    95
(Ocean barotropic forcing calc)        300      0.910045      0.970265      0.949175      0.015287  0.032    31     0    95
(Ocean advect tracer)                    0      0.000000      0.000000      0.000000      0.000000  0.000    31     0    95
(Ocean tracer halo updates)              0      0.000000      0.000000      0.000000      0.000000  0.000    41     0    95
(Ocean tracer global synch)              0      0.000000      0.000000      0.000000      0.000000  0.000    41     0    95
(Ocean diffuse tracer)                   0      0.000000      0.000000      0.000000      0.000000  0.000    31     0    95
(Ocean epipycnal diffuse tracer)         0      0.000000      0.000000      0.000000      0.000000  0.000    31     0    95
(Ocean surface forcing)                 76      0.000989      0.001774      0.001350      0.000129  0.000    31     0    95
(Ocean forcing diagnostics)            150      0.000581      0.000967      0.000825      0.000091  0.000    41     0    95
 MPP_STACK high water mark=           0
