NOTE from PE     0: MPP_DOMAINS_SET_STACK_SIZE: stack size set to    32768.
NOTE from PE     0: MPP_DOMAINS_SET_STACK_SIZE: stack size set to   344000.
NOTE from PE     0: ======== Model being driven by MOM_driver ========
NOTE from PE     0: callTree: o Program MOM_main, MOM_driver.F90
NOTE from PE     0: open_param_file: MOM_input has been opened successfully.
NOTE from PE     0: open_param_file: MOM_override has been opened successfully.

WARNING from PE     0: MOM_file_parser : DT over-ridden.  Line: 'DT = 150' in file MOM_override.


WARNING from PE     0: MOM_file_parser : DT_THERM over-ridden.  Line: 'DT_THERM = 300' in file MOM_override.


WARNING from PE     0: MOM_file_parser : NIGLOBAL over-ridden.  Line: 'NIGLOBAL = 256' in file MOM_override.


WARNING from PE     0: MOM_file_parser : NJGLOBAL over-ridden.  Line: 'NJGLOBAL = 256' in file MOM_override.

 MOM_in domain decomposition
whalo =    4, ehalo =    4, shalo =    4, nhalo =    4
  X-AXIS =   32  32  32  32  32  32  32  32
  Y-AXIS =   32  32  32  32  32  32  32  32
 MOM_inc domain decomposition
whalo =    2, ehalo =    2, shalo =    2, nhalo =    2
  X-AXIS =   16  16  16  16  16  16  16  16
  Y-AXIS =   16  16  16  16  16  16  16  16
NOTE from PE     0: diag_manager_mod::diag_manager_init: prepend_date only supported when diag_manager_init is called with time_init present.
NOTE from PE     0: diag_manager_mod::diag_manager_init: You are using the legacy version of the diag table
 MOM_in domain decomposition
whalo =    4, ehalo =    4, shalo =    4, nhalo =    4
  X-AXIS =   32  32  32  32  32  32  32  32
  Y-AXIS =   32  32  32  32  32  32  32  32
 MOM_in domain decomposition
whalo =    2, ehalo =    2, shalo =    2, nhalo =    2
  X-AXIS =   16  16  16  16  16  16  16  16
  Y-AXIS =   16  16  16  16  16  16  16  16

WARNING from PE     0: MOM_file_parser : NK over-ridden.  Line: 'NK = 100' in file MOM_override.

 MOM_in domain decomposition
whalo =    4, ehalo =    4, shalo =    4, nhalo =    4
  X-AXIS =   32  32  32  32  32  32  32  32
  Y-AXIS =   32  32  32  32  32  32  32  32
 MOM_in domain decomposition
whalo =    2, ehalo =    2, shalo =    2, nhalo =    2
  X-AXIS =   16  16  16  16  16  16  16  16
  Y-AXIS =   16  16  16  16  16  16  16  16

WARNING from PE     0: Open_file is appending .nc to the filename ./ocean_geometry


WARNING from PE     0: MOM_file_parser : COORD_CONFIG over-ridden.  Line: 'COORD_CONFIG = "linear"' in file MOM_override.

 MOM_in domain decomposition
whalo =    4, ehalo =    4, shalo =    4, nhalo =    4
  X-AXIS =   32  32  32  32  32  32  32  32
  Y-AXIS =   32  32  32  32  32  32  32  32
 MOM_in domain decomposition
whalo =    2, ehalo =    2, shalo =    2, nhalo =    2
  X-AXIS =   16  16  16  16  16  16  16  16
  Y-AXIS =   16  16  16  16  16  16  16  16
 MOM_in domain decomposition
whalo =    4, ehalo =    4, shalo =    4, nhalo =    4
  X-AXIS =   32  32  32  32  32  32  32  32
  Y-AXIS =   32  32  32  32  32  32  32  32
 MOM_in domain decomposition
whalo =    2, ehalo =    2, shalo =    2, nhalo =    2
  X-AXIS =   16  16  16  16  16  16  16  16
  Y-AXIS =   16  16  16  16  16  16  16  16

WARNING from PE     0: ./Depth_list.nc checksums do not match; updating file.


WARNING from PE     0: MOM_file_parser : DT_FORCING over-ridden.  Line: 'DT_FORCING = 300' in file MOM_override.


WARNING from PE     0: MOM_file_parser : DAYMAX over-ridden.  Line: 'DAYMAX = 150' in file MOM_override.


WARNING from PE     0: Unused line in MOM_input : GINT = 0.0098


WARNING from PE     0: open_ASCII_file: File ./CPU_stats opened WRITEONLY already exists!


WARNING from PE     0: open_ASCII_file: File ./ocean.stats opened WRITEONLY already exists!

MOM Time       0.000      0: En 9.167136E-12, MaxCFL  0.00000, Mass 5.286457540076E+18
    Total Energy: 41871BBB56761B4C  4.8461674807669252E+07
    Total Mass:   5.2864575400760187E+18, Change:   0.0000000000000000E+00 Error:  0.00000E+00 ( 0.0E+00)
MOM Time      74.000     74: En 2.536295E-05, MaxCFL  0.00164, Mass 5.286457540073E+18
    Total Energy: 42DE7C7E2B6B1796  1.3408016621065434E+14
    Total Mass:   5.2864575400730481E+18, Change:  -2.9652859140077811E+06 Error: -2.96529E+06 (-5.6E-13)
 MOM_in domain decomposition
whalo =    4, ehalo =    4, shalo =    4, nhalo =    4
  X-AXIS =   32  32  32  32  32  32  32  32
  Y-AXIS =   32  32  32  32  32  32  32  32
 MOM_in domain decomposition
whalo =    2, ehalo =    2, shalo =    2, nhalo =    2
  X-AXIS =   16  16  16  16  16  16  16  16
  Y-AXIS =   16  16  16  16  16  16  16  16
 MOM_in domain decomposition
whalo =    4, ehalo =    4, shalo =    4, nhalo =    4
  X-AXIS =   32  32  32  32  32  32  32  32
  Y-AXIS =   32  32  32  32  32  32  32  32
 MOM_in domain decomposition
whalo =    2, ehalo =    2, shalo =    2, nhalo =    2
  X-AXIS =   16  16  16  16  16  16  16  16
  Y-AXIS =   16  16  16  16  16  16  16  16
MOM Time     150.000    150: En 6.647693E-05, MaxCFL  0.00207, Mass 5.286457540073E+18
    Total Energy: 42F3F9F15FF4A8A4  3.5142747811290625E+14
    Total Mass:   5.2864575400730491E+18, Change:  -4.4754318649672093E+01 Error: -4.47543E+01 (-8.5E-18)
 MOM_in domain decomposition
whalo =    4, ehalo =    4, shalo =    4, nhalo =    4
  X-AXIS =   32  32  32  32  32  32  32  32
  Y-AXIS =   32  32  32  32  32  32  32  32
 MOM_in domain decomposition
whalo =    2, ehalo =    2, shalo =    2, nhalo =    2
  X-AXIS =   16  16  16  16  16  16  16  16
  Y-AXIS =   16  16  16  16  16  16  16  16

WARNING from PE     0: open_ASCII_file: File RESTART/ocean_solo.res opened WRITEONLY already exists!


WARNING from PE     0: open_ASCII_file: File exitcode opened WRITEONLY already exists!

NOTE from PE     0: Potential error in diag_manager_end: u NOT available, check if output interval > runlength. Netcdf fill_values are written
NOTE from PE     0: Potential error in diag_manager_end: v NOT available, check if output interval > runlength. Netcdf fill_values are written
NOTE from PE     0: Potential error in diag_manager_end: h NOT available, check if output interval > runlength. Netcdf fill_values are written
NOTE from PE     0: Potential error in diag_manager_end: e NOT available, check if output interval > runlength. Netcdf fill_values are written
NOTE from PE     0: Potential error in diag_manager_end: u NOT available, check if output interval > runlength. Netcdf fill_values are written
NOTE from PE     0: Potential error in diag_manager_end: v NOT available, check if output interval > runlength. Netcdf fill_values are written
NOTE from PE     0: Potential error in diag_manager_end: h NOT available, check if output interval > runlength. Netcdf fill_values are written
NOTE from PE     0: Potential error in diag_manager_end: e NOT available, check if output interval > runlength. Netcdf fill_values are written
NOTE from PE     0: Potential error in diag_manager_end: uh NOT available, check if output interval > runlength. Netcdf fill_values are written
NOTE from PE     0: Potential error in diag_manager_end: vh NOT available, check if output interval > runlength. Netcdf fill_values are written
 MPP_DOMAINS_STACK high water mark=      275200

Tabulating mpp_clock statistics across     64 PEs...

                                      hits          tmin          tmax          tavg          tstd  tfrac grain pemin pemax
Total runtime                            1     28.138466     28.138466     28.138460      0.000006  1.000     0     0    63
Initialization                           1      0.207051      0.207190      0.207134      0.000034  0.007     0     0    63
Main loop                                1     27.061541     27.061543     27.061546      0.000005  0.962     0     0    63
Termination                              1      0.867739      0.867759      0.867740      0.000002  0.031     0     0    63
Ocean Initialization                     2      0.204268      0.207415      0.204407      0.000381  0.007    11     0    63
Ocean                                   75     26.138767     26.141014     26.140202      0.000765  0.929     1     0    63
Ocean dynamics                         300     24.855228     24.855997     24.855673      0.000233  0.883    11     0    63
Ocean thermodynamics and tracers       225      0.091998      0.142075      0.128390      0.019224  0.005    11     0    63
Ocean grid generation and remapp         0      0.000000      0.000000      0.000000      0.000000  0.000    11     0    63
Ocean Other                            450      0.682463      0.737688      0.720252      0.019622  0.026    11     0    63
(Ocean tracer advection)               150      0.060317      0.091330      0.082499      0.012108  0.003    21     0    63
(Ocean adiabatic driver)                75      0.029349      0.050304      0.045058      0.007141  0.002    21     0    63
(Ocean continuity equation *)            0      0.000000      0.000000      0.000000      0.000000  0.000    31     0    63
(Ocean set BBL viscosity)               75      0.246071      0.374780      0.307366      0.035048  0.011    31     0    63
(Ocean message passing *)              150      0.113747      0.223784      0.188213      0.033450  0.007    31     0    63
(Ocean MOM_initialize_state)             2      0.006166      0.007924      0.006936      0.000367  0.000    31     0    63
(Ocean init message passing *)           2      0.000955      0.001993      0.001573      0.000308  0.000    41     0    63
(Ocean mixed layer restrat)              0      0.000000      0.000000      0.000000      0.000000  0.000    31     0    63
(Ocean collective diagnostics)         375      0.621239      0.672013      0.654791      0.017734  0.023    31     0    63
(Ocean Z-space diagnostics)              0      0.000000      0.000000      0.000000      0.000000  0.000    31     0    63
(Ocean ALE)                              0      0.000000      0.000000      0.000000      0.000000  0.000    31     0    63
(Stochastic EOS)                       150      0.000005      0.000039      0.000008      0.000004  0.000    31     0    63
(SGS Temperature Variance)             150      0.000005      0.000037      0.000006      0.000004  0.000    31     0    63
(Ocean diagnostics framework)          600      0.633943      0.915447      0.823140      0.103153  0.029    31     0    63
(Ocean diagnostics remapping)            0      0.000000      0.000000      0.000000      0.000000  0.000    41     0    63
(Ocean diagnostics grid updates)       526      0.084626      0.126956      0.113993      0.016053  0.004    41     0    63
(Ocean init message passing)             4      0.002449      0.005452      0.004330      0.000857  0.000    41     0    63
(Ocean continuity reconstruction       902      0.773751      1.180425      1.038101      0.139894  0.037    41     0    63
(Ocean continuity update)              902      0.394031      0.579569      0.514146      0.063184  0.018    41     0    63
(Ocean continuity correction)          902      3.947332      5.197460      4.625718      0.422839  0.164    41     0    63
(Ocean BT pre-calcs only)             1200      2.333025      3.157929      2.905471      0.298345  0.103    41     0    63
(Ocean BT pre-step halo updates)      1200      0.052583      0.074782      0.068311      0.005978  0.002    41     0    63
(Ocean BT stepping calcs only)         600      0.055446      0.069504      0.064022      0.004090  0.002    41     0    63
(Ocean BT stepping halo updates)       300      0.003273      0.006208      0.005230      0.000856  0.000    41     0    63
(Ocean BT post-calcs only)             900      0.265580      0.348262      0.320782      0.026557  0.011    41     0    63
(Ocean BT post-step halo updates       600      0.006135      0.011683      0.009544      0.001545  0.000    41     0    63
(Ocean BT global synch)                  0      0.000000      0.000000      0.000000      0.000000  0.000    41     0    63
(Ocean Coriolis & mom advection)       300      0.685484      0.966781      0.882205      0.111225  0.031    31     0    63
(Ocean continuity equation)            450      7.028701      7.096184      7.069071      0.020801  0.251    31     0    63
(Ocean pressure force)                 150      1.265688      1.811652      1.657788      0.217071  0.059    31     0    63
(Ocean vertical viscosity)             450      3.524530      4.401657      4.123240      0.301478  0.147    31     0    63
(Ocean horizontal viscosity)           150      0.719793      0.757564      0.743350      0.010487  0.026    31     0    63
(Ocean momentum increments)            300      0.563096      0.871041      0.785371      0.110038  0.028    31     0    63
(Ocean message passing)               1350      0.828222      1.794716      1.429722      0.267063  0.051    31     0    63
(Ocean barotropic mode calc)           300      0.039273      0.068974      0.052057      0.007597  0.002    31     0    63
(Ocean barotropic mode stepping)       300      3.700520      3.781929      3.754725      0.026180  0.133    31     0    63
(Ocean barotropic forcing calc)        300      0.674212      0.970836      0.885000      0.113592  0.031    31     0    63
(Ocean advect tracer)                    0      0.000000      0.000000      0.000000      0.000000  0.000    31     0    63
(Ocean tracer halo updates)              0      0.000000      0.000000      0.000000      0.000000  0.000    41     0    63
(Ocean tracer global synch)              0      0.000000      0.000000      0.000000      0.000000  0.000    41     0    63
(Ocean diffuse tracer)                   0      0.000000      0.000000      0.000000      0.000000  0.000    31     0    63
(Ocean epipycnal diffuse tracer)         0      0.000000      0.000000      0.000000      0.000000  0.000    31     0    63
(Ocean surface forcing)                 76      0.000958      0.001438      0.001125      0.000087  0.000    31     0    63
(Ocean forcing diagnostics)            150      0.000554      0.000775      0.000691      0.000050  0.000    41     0    63
 MPP_STACK high water mark=           0
