NOTE from PE     0: MPP_DOMAINS_SET_STACK_SIZE: stack size set to    32768.
NOTE from PE     0: MPP_DOMAINS_SET_STACK_SIZE: stack size set to   344000.
NOTE from PE     0: ======== Model being driven by MOM_driver ========
NOTE from PE     0: callTree: o Program MOM_main, MOM_driver.F90
NOTE from PE     0: open_param_file: MOM_input has been opened successfully.
NOTE from PE     0: open_param_file: MOM_override has been opened successfully.

WARNING from PE     0: MOM_file_parser : DT over-ridden.  Line: 'DT = 150' in file MOM_override.


WARNING from PE     0: MOM_file_parser : DT_THERM over-ridden.  Line: 'DT_THERM = 300' in file MOM_override.


WARNING from PE     0: MOM_file_parser : NIGLOBAL over-ridden.  Line: 'NIGLOBAL = 256' in file MOM_override.


WARNING from PE     0: MOM_file_parser : NJGLOBAL over-ridden.  Line: 'NJGLOBAL = 128' in file MOM_override.

 MOM_in domain decomposition
whalo =    4, ehalo =    4, shalo =    4, nhalo =    4
  X-AXIS =   32  32  32  32  32  32  32  32
  Y-AXIS =   32  32  32  32
 MOM_inc domain decomposition
whalo =    2, ehalo =    2, shalo =    2, nhalo =    2
  X-AXIS =   16  16  16  16  16  16  16  16
  Y-AXIS =   16  16  16  16
NOTE from PE     0: diag_manager_mod::diag_manager_init: prepend_date only supported when diag_manager_init is called with time_init present.
NOTE from PE     0: diag_manager_mod::diag_manager_init: You are using the legacy version of the diag table
 MOM_in domain decomposition
whalo =    4, ehalo =    4, shalo =    4, nhalo =    4
  X-AXIS =   32  32  32  32  32  32  32  32
  Y-AXIS =   32  32  32  32
 MOM_in domain decomposition
whalo =    2, ehalo =    2, shalo =    2, nhalo =    2
  X-AXIS =   16  16  16  16  16  16  16  16
  Y-AXIS =   16  16  16  16

WARNING from PE     0: MOM_file_parser : NK over-ridden.  Line: 'NK = 100' in file MOM_override.

 MOM_in domain decomposition
whalo =    4, ehalo =    4, shalo =    4, nhalo =    4
  X-AXIS =   32  32  32  32  32  32  32  32
  Y-AXIS =   32  32  32  32
 MOM_in domain decomposition
whalo =    2, ehalo =    2, shalo =    2, nhalo =    2
  X-AXIS =   16  16  16  16  16  16  16  16
  Y-AXIS =   16  16  16  16

WARNING from PE     0: Open_file is appending .nc to the filename ./ocean_geometry


WARNING from PE     0: MOM_file_parser : COORD_CONFIG over-ridden.  Line: 'COORD_CONFIG = "linear"' in file MOM_override.

 MOM_in domain decomposition
whalo =    4, ehalo =    4, shalo =    4, nhalo =    4
  X-AXIS =   32  32  32  32  32  32  32  32
  Y-AXIS =   32  32  32  32
 MOM_in domain decomposition
whalo =    2, ehalo =    2, shalo =    2, nhalo =    2
  X-AXIS =   16  16  16  16  16  16  16  16
  Y-AXIS =   16  16  16  16
 MOM_in domain decomposition
whalo =    4, ehalo =    4, shalo =    4, nhalo =    4
  X-AXIS =   32  32  32  32  32  32  32  32
  Y-AXIS =   32  32  32  32
 MOM_in domain decomposition
whalo =    2, ehalo =    2, shalo =    2, nhalo =    2
  X-AXIS =   16  16  16  16  16  16  16  16
  Y-AXIS =   16  16  16  16

WARNING from PE     0: ./Depth_list.nc checksums do not match; updating file.


WARNING from PE     0: MOM_file_parser : DT_FORCING over-ridden.  Line: 'DT_FORCING = 300' in file MOM_override.


WARNING from PE     0: MOM_file_parser : DAYMAX over-ridden.  Line: 'DAYMAX = 150' in file MOM_override.


WARNING from PE     0: Unused line in MOM_input : GINT = 0.0098


WARNING from PE     0: open_ASCII_file: File ./CPU_stats opened WRITEONLY already exists!


WARNING from PE     0: open_ASCII_file: File ./ocean.stats opened WRITEONLY already exists!

MOM Time       0.000      0: En 9.166222E-12, MaxCFL  0.00000, Mass 5.286507716715E+18
    Total Energy: 41871B32C70A9985  4.8457304880175628E+07
    Total Mass:   5.2865077167146578E+18, Change:   0.0000000000000000E+00 Error:  0.00000E+00 ( 0.0E+00)
MOM Time      74.000     74: En 2.536306E-05, MaxCFL  0.00164, Mass 5.286507716704E+18
    Total Energy: 42DE7C99BE95C1A9  1.3408201672883864E+14
    Total Mass:   5.2865077167038720E+18, Change:  -1.0787118242598649E+07 Error: -1.07871E+07 (-2.0E-12)
 MOM_in domain decomposition
whalo =    4, ehalo =    4, shalo =    4, nhalo =    4
  X-AXIS =   32  32  32  32  32  32  32  32
  Y-AXIS =   32  32  32  32
 MOM_in domain decomposition
whalo =    2, ehalo =    2, shalo =    2, nhalo =    2
  X-AXIS =   16  16  16  16  16  16  16  16
  Y-AXIS =   16  16  16  16
 MOM_in domain decomposition
whalo =    4, ehalo =    4, shalo =    4, nhalo =    4
  X-AXIS =   32  32  32  32  32  32  32  32
  Y-AXIS =   32  32  32  32
 MOM_in domain decomposition
whalo =    2, ehalo =    2, shalo =    2, nhalo =    2
  X-AXIS =   16  16  16  16  16  16  16  16
  Y-AXIS =   16  16  16  16
MOM Time     150.000    150: En 6.648018E-05, MaxCFL  0.00167, Mass 5.286507716704E+18
    Total Energy: 42F3FA3DC18245CB  3.5144798149948469E+14
    Total Mass:   5.2865077167039017E+18, Change:   2.9600546053515369E+04 Error:  2.96005E+04 ( 5.6E-15)
 MOM_in domain decomposition
whalo =    4, ehalo =    4, shalo =    4, nhalo =    4
  X-AXIS =   32  32  32  32  32  32  32  32
  Y-AXIS =   32  32  32  32
 MOM_in domain decomposition
whalo =    2, ehalo =    2, shalo =    2, nhalo =    2
  X-AXIS =   16  16  16  16  16  16  16  16
  Y-AXIS =   16  16  16  16

WARNING from PE     0: open_ASCII_file: File RESTART/ocean_solo.res opened WRITEONLY already exists!


WARNING from PE     0: open_ASCII_file: File exitcode opened WRITEONLY already exists!

NOTE from PE     0: Potential error in diag_manager_end: u NOT available, check if output interval > runlength. Netcdf fill_values are written
NOTE from PE     0: Potential error in diag_manager_end: v NOT available, check if output interval > runlength. Netcdf fill_values are written
NOTE from PE     0: Potential error in diag_manager_end: h NOT available, check if output interval > runlength. Netcdf fill_values are written
NOTE from PE     0: Potential error in diag_manager_end: e NOT available, check if output interval > runlength. Netcdf fill_values are written
NOTE from PE     0: Potential error in diag_manager_end: u NOT available, check if output interval > runlength. Netcdf fill_values are written
NOTE from PE     0: Potential error in diag_manager_end: v NOT available, check if output interval > runlength. Netcdf fill_values are written
NOTE from PE     0: Potential error in diag_manager_end: h NOT available, check if output interval > runlength. Netcdf fill_values are written
NOTE from PE     0: Potential error in diag_manager_end: e NOT available, check if output interval > runlength. Netcdf fill_values are written
NOTE from PE     0: Potential error in diag_manager_end: uh NOT available, check if output interval > runlength. Netcdf fill_values are written
NOTE from PE     0: Potential error in diag_manager_end: vh NOT available, check if output interval > runlength. Netcdf fill_values are written
 MPP_DOMAINS_STACK high water mark=      275200

Tabulating mpp_clock statistics across     32 PEs...

                                      hits          tmin          tmax          tavg          tstd  tfrac grain pemin pemax
Total runtime                            1     27.002447     27.002447     27.002445      0.000002  1.000     0     0    31
Initialization                           1      0.179047      0.179231      0.179095      0.000030  0.007     0     0    31
Main loop                                1     26.269583     26.269583     26.269581      0.000002  0.973     0     0    31
Termination                              1      0.552047      0.552064      0.552048      0.000003  0.020     0     0    31
Ocean Initialization                     2      0.177350      0.180302      0.177491      0.000505  0.007    11     0    31
Ocean                                   75     25.732513     25.735741     25.734680      0.001239  0.953     1     0    31
Ocean dynamics                         300     24.480192     24.481138     24.480824      0.000355  0.907    11     0    31
Ocean thermodynamics and tracers       225      0.066833      0.141349      0.121151      0.031056  0.004    11     0    31
Ocean grid generation and remapp         0      0.000000      0.000000      0.000000      0.000000  0.000    11     0    31
Ocean Other                            450      0.650293      0.724147      0.701361      0.029250  0.026    11     0    31
(Ocean tracer advection)               150      0.043184      0.091118      0.078021      0.019862  0.003    21     0    31
(Ocean adiabatic driver)                75      0.023008      0.050400      0.042500      0.011209  0.002    21     0    31
(Ocean continuity equation *)            0      0.000000      0.000000      0.000000      0.000000  0.000    31     0    31
(Ocean set BBL viscosity)               75      0.232318      0.385792      0.301552      0.043233  0.011    31     0    31
(Ocean message passing *)              150      0.150560      0.211060      0.186174      0.022057  0.007    31     0    31
(Ocean MOM_initialize_state)             2      0.005834      0.007561      0.006274      0.000292  0.000    31     0    31
(Ocean init message passing *)           2      0.000837      0.001725      0.001260      0.000271  0.000    41     0    31
(Ocean mixed layer restrat)              0      0.000000      0.000000      0.000000      0.000000  0.000    31     0    31
(Ocean collective diagnostics)         375      0.589435      0.659440      0.637229      0.027368  0.024    31     0    31
(Ocean Z-space diagnostics)              0      0.000000      0.000000      0.000000      0.000000  0.000    31     0    31
(Ocean ALE)                              0      0.000000      0.000000      0.000000      0.000000  0.000    31     0    31
(Stochastic EOS)                       150      0.000006      0.000039      0.000009      0.000006  0.000    31     0    31
(SGS Temperature Variance)             150      0.000005      0.000038      0.000007      0.000006  0.000    31     0    31
(Ocean diagnostics framework)          600      0.497371      0.893090      0.780993      0.159104  0.029    31     0    31
(Ocean diagnostics remapping)            0      0.000000      0.000000      0.000000      0.000000  0.000    41     0    31
(Ocean diagnostics grid updates)       526      0.063231      0.125331      0.108211      0.025595  0.004    41     0    31
(Ocean init message passing)             4      0.002908      0.005297      0.004184      0.000712  0.000    41     0    31
(Ocean continuity reconstruction       902      0.607558      1.180185      0.990774      0.214791  0.037    41     0    31
(Ocean continuity update)              902      0.350098      0.558739      0.494664      0.080641  0.018    41     0    31
(Ocean continuity correction)          902      3.460956      5.080015      4.450102      0.592413  0.165    41     0    31
(Ocean BT pre-calcs only)             1200      1.983114      3.143277      2.804609      0.456273  0.104    41     0    31
(Ocean BT pre-step halo updates)      1200      0.058426      0.070080      0.065449      0.003748  0.002    41     0    31
(Ocean BT stepping calcs only)         600      0.053495      0.068219      0.062950      0.005057  0.002    41     0    31
(Ocean BT stepping halo updates)       300      0.003300      0.005962      0.004788      0.000833  0.000    41     0    31
(Ocean BT post-calcs only)             900      0.247795      0.353076      0.316192      0.031976  0.012    41     0    31
(Ocean BT post-step halo updates       600      0.005963      0.010629      0.008726      0.001438  0.000    41     0    31
(Ocean BT global synch)                  0      0.000000      0.000000      0.000000      0.000000  0.000    41     0    31
(Ocean Coriolis & mom advection)       300      0.564344      0.968975      0.853245      0.165000  0.032    31     0    31
(Ocean continuity equation)            450      6.910133      6.973983      6.951936      0.023469  0.257    31     0    31
(Ocean pressure force)                 150      0.974553      1.823629      1.586366      0.350522  0.059    31     0    31
(Ocean vertical viscosity)             450      3.046964      4.430673      3.977701      0.507535  0.147    31     0    31
(Ocean horizontal viscosity)           150      0.714765      0.763730      0.741503      0.013583  0.027    31     0    31
(Ocean momentum increments)            300      0.452754      0.858617      0.744733      0.164617  0.028    31     0    31
(Ocean message passing)               1350      0.989676      1.672595      1.379185      0.220431  0.051    31     0    31
(Ocean barotropic mode calc)           300      0.031113      0.066548      0.048310      0.009531  0.002    31     0    31
(Ocean barotropic mode stepping)       300      3.646427      3.749573      3.713184      0.031373  0.138    31     0    31
(Ocean barotropic forcing calc)        300      0.543311      0.968041      0.847307      0.171854  0.031    31     0    31
(Ocean advect tracer)                    0      0.000000      0.000000      0.000000      0.000000  0.000    31     0    31
(Ocean tracer halo updates)              0      0.000000      0.000000      0.000000      0.000000  0.000    41     0    31
(Ocean tracer global synch)              0      0.000000      0.000000      0.000000      0.000000  0.000    41     0    31
(Ocean diffuse tracer)                   0      0.000000      0.000000      0.000000      0.000000  0.000    31     0    31
(Ocean epipycnal diffuse tracer)         0      0.000000      0.000000      0.000000      0.000000  0.000    31     0    31
(Ocean surface forcing)                 76      0.000924      0.001400      0.001017      0.000079  0.000    31     0    31
(Ocean forcing diagnostics)            150      0.000537      0.000639      0.000591      0.000025  0.000    41     0    31
 MPP_STACK high water mark=           0
