NOTE from PE     0: MPP_DOMAINS_SET_STACK_SIZE: stack size set to    32768.
NOTE from PE     0: MPP_DOMAINS_SET_STACK_SIZE: stack size set to   344000.
NOTE from PE     0: ======== Model being driven by MOM_driver ========
NOTE from PE     0: callTree: o Program MOM_main, MOM_driver.F90
NOTE from PE     0: open_param_file: MOM_input has been opened successfully.
NOTE from PE     0: open_param_file: MOM_override has been opened successfully.

WARNING from PE     0: MOM_file_parser : DT over-ridden.  Line: 'DT = 600' in file MOM_override.


WARNING from PE     0: MOM_file_parser : DT_THERM over-ridden.  Line: 'DT_THERM = 1200' in file MOM_override.


WARNING from PE     0: MOM_file_parser : NIGLOBAL over-ridden.  Line: 'NIGLOBAL = 64' in file MOM_override.


WARNING from PE     0: MOM_file_parser : NJGLOBAL over-ridden.  Line: 'NJGLOBAL = 32' in file MOM_override.

 MOM_in domain decomposition
whalo =    4, ehalo =    4, shalo =    4, nhalo =    4
  X-AXIS =   32  32
  Y-AXIS =   32
 MOM_inc domain decomposition
whalo =    2, ehalo =    2, shalo =    2, nhalo =    2
  X-AXIS =   16  16
  Y-AXIS =   16
NOTE from PE     0: diag_manager_mod::diag_manager_init: prepend_date only supported when diag_manager_init is called with time_init present.
NOTE from PE     0: diag_manager_mod::diag_manager_init: You are using the legacy version of the diag table
 MOM_in domain decomposition
whalo =    4, ehalo =    4, shalo =    4, nhalo =    4
  X-AXIS =   32  32
  Y-AXIS =   32
 MOM_in domain decomposition
whalo =    2, ehalo =    2, shalo =    2, nhalo =    2
  X-AXIS =   16  16
  Y-AXIS =   16

WARNING from PE     0: MOM_file_parser : NK over-ridden.  Line: 'NK = 100' in file MOM_override.

 MOM_in domain decomposition
whalo =    4, ehalo =    4, shalo =    4, nhalo =    4
  X-AXIS =   32  32
  Y-AXIS =   32
 MOM_in domain decomposition
whalo =    2, ehalo =    2, shalo =    2, nhalo =    2
  X-AXIS =   16  16
  Y-AXIS =   16

WARNING from PE     0: Open_file is appending .nc to the filename ./ocean_geometry


WARNING from PE     0: MOM_file_parser : COORD_CONFIG over-ridden.  Line: 'COORD_CONFIG = "linear"' in file MOM_override.

 MOM_in domain decomposition
whalo =    4, ehalo =    4, shalo =    4, nhalo =    4
  X-AXIS =   32  32
  Y-AXIS =   32
 MOM_in domain decomposition
whalo =    2, ehalo =    2, shalo =    2, nhalo =    2
  X-AXIS =   16  16
  Y-AXIS =   16
 MOM_in domain decomposition
whalo =    4, ehalo =    4, shalo =    4, nhalo =    4
  X-AXIS =   32  32
  Y-AXIS =   32
 MOM_in domain decomposition
whalo =    2, ehalo =    2, shalo =    2, nhalo =    2
  X-AXIS =   16  16
  Y-AXIS =   16

WARNING from PE     0: ./Depth_list.nc checksums do not match; updating file.


WARNING from PE     0: MOM_file_parser : DT_FORCING over-ridden.  Line: 'DT_FORCING = 1200' in file MOM_override.


WARNING from PE     0: MOM_file_parser : DAYMAX over-ridden.  Line: 'DAYMAX = 150' in file MOM_override.


WARNING from PE     0: Unused line in MOM_input : GINT = 0.0098


WARNING from PE     0: open_ASCII_file: File ./CPU_stats opened WRITEONLY already exists!


WARNING from PE     0: open_ASCII_file: File ./ocean.stats opened WRITEONLY already exists!

MOM Time       0.000      0: En 9.139699E-12, MaxCFL  0.00000, Mass 5.287973820617E+18
    Total Energy: 41870BB7CFD02D04  4.8330489976648360E+07
    Total Mass:   5.2879738206166907E+18, Change:   0.0000000000000000E+00 Error:  0.00000E+00 ( 0.0E+00)
MOM Time      74.000     74: En 6.359781E-05, MaxCFL  0.00119, Mass 5.287973820617E+18
    Total Energy: 42F31DDC60670AFC  3.3630355655492775E+14
    Total Mass:   5.2879738206166907E+18, Change:   4.5025274127534260E+01 Error:  4.50253E+01 ( 8.5E-18)
 MOM_in domain decomposition
whalo =    4, ehalo =    4, shalo =    4, nhalo =    4
  X-AXIS =   32  32
  Y-AXIS =   32
 MOM_in domain decomposition
whalo =    2, ehalo =    2, shalo =    2, nhalo =    2
  X-AXIS =   16  16
  Y-AXIS =   16
 MOM_in domain decomposition
whalo =    4, ehalo =    4, shalo =    4, nhalo =    4
  X-AXIS =   32  32
  Y-AXIS =   32
 MOM_in domain decomposition
whalo =    2, ehalo =    2, shalo =    2, nhalo =    2
  X-AXIS =   16  16
  Y-AXIS =   16
MOM Time     150.000    150: En 5.690616E-05, MaxCFL  0.00134, Mass 5.287973820617E+18
    Total Energy: 42F11AEFDFEFCFF0  3.0091826003891100E+14
    Total Mass:   5.2879738206166907E+18, Change:  -1.7746220503713914E+01 Error: -1.77462E+01 (-3.4E-18)
 MOM_in domain decomposition
whalo =    4, ehalo =    4, shalo =    4, nhalo =    4
  X-AXIS =   32  32
  Y-AXIS =   32
 MOM_in domain decomposition
whalo =    2, ehalo =    2, shalo =    2, nhalo =    2
  X-AXIS =   16  16
  Y-AXIS =   16

WARNING from PE     0: open_ASCII_file: File RESTART/ocean_solo.res opened WRITEONLY already exists!


WARNING from PE     0: open_ASCII_file: File exitcode opened WRITEONLY already exists!

NOTE from PE     0: Potential error in diag_manager_end: u NOT available, check if output interval > runlength. Netcdf fill_values are written
NOTE from PE     0: Potential error in diag_manager_end: v NOT available, check if output interval > runlength. Netcdf fill_values are written
NOTE from PE     0: Potential error in diag_manager_end: h NOT available, check if output interval > runlength. Netcdf fill_values are written
NOTE from PE     0: Potential error in diag_manager_end: e NOT available, check if output interval > runlength. Netcdf fill_values are written
NOTE from PE     0: Potential error in diag_manager_end: u NOT available, check if output interval > runlength. Netcdf fill_values are written
NOTE from PE     0: Potential error in diag_manager_end: v NOT available, check if output interval > runlength. Netcdf fill_values are written
NOTE from PE     0: Potential error in diag_manager_end: h NOT available, check if output interval > runlength. Netcdf fill_values are written
NOTE from PE     0: Potential error in diag_manager_end: e NOT available, check if output interval > runlength. Netcdf fill_values are written
NOTE from PE     0: Potential error in diag_manager_end: uh NOT available, check if output interval > runlength. Netcdf fill_values are written
NOTE from PE     0: Potential error in diag_manager_end: vh NOT available, check if output interval > runlength. Netcdf fill_values are written
 MPP_DOMAINS_STACK high water mark=       64800

Tabulating mpp_clock statistics across      2 PEs...

                                      hits          tmin          tmax          tavg          tstd  tfrac grain pemin pemax
Total runtime                            1     10.061460     10.061460     10.061460      0.000000  1.000     0     0     1
Initialization                           1      0.117475      0.117649      0.117562      0.000087  0.012     0     0     1
Main loop                                1      9.878307      9.878307      9.878307      0.000000  0.982     0     0     1
Termination                              1      0.064223      0.064236      0.064229      0.000006  0.006     0     0     1
Ocean Initialization                     2      0.115332      0.117155      0.116243      0.000912  0.012    11     0     1
Ocean                                   75      9.729627      9.729926      9.729776      0.000150  0.967     1     0     1
Ocean dynamics                         300      9.528083      9.528096      9.528090      0.000007  0.947    11     0     1
Ocean thermodynamics and tracers       225      0.015189      0.015367      0.015278      0.000089  0.002    11     0     1
Ocean grid generation and remapp         0      0.000000      0.000000      0.000000      0.000000  0.000    11     0     1
Ocean Other                            450      0.150705      0.151020      0.150862      0.000157  0.015    11     0     1
(Ocean tracer advection)               150      0.009908      0.010004      0.009956      0.000048  0.001    21     0     1
(Ocean adiabatic driver)                75      0.005168      0.005264      0.005216      0.000048  0.001    21     0     1
(Ocean continuity equation *)            0      0.000000      0.000000      0.000000      0.000000  0.000    31     0     1
(Ocean set BBL viscosity)               75      0.182299      0.185541      0.183920      0.001621  0.018    31     0     1
(Ocean message passing *)              150      0.016191      0.016207      0.016199      0.000008  0.002    31     0     1
(Ocean MOM_initialize_state)             2      0.002870      0.004033      0.003452      0.000582  0.000    31     0     1
(Ocean init message passing *)           2      0.000198      0.000202      0.000200      0.000002  0.000    41     0     1
(Ocean mixed layer restrat)              0      0.000000      0.000000      0.000000      0.000000  0.000    31     0     1
(Ocean collective diagnostics)         375      0.116254      0.116269      0.116262      0.000007  0.012    31     0     1
(Ocean Z-space diagnostics)              0      0.000000      0.000000      0.000000      0.000000  0.000    31     0     1
(Ocean ALE)                              0      0.000000      0.000000      0.000000      0.000000  0.000    31     0     1
(Stochastic EOS)                       150      0.000005      0.000005      0.000005      0.000000  0.000    31     0     1
(SGS Temperature Variance)             150      0.000005      0.000005      0.000005      0.000000  0.000    31     0     1
(Ocean diagnostics framework)          600      0.186409      0.191293      0.188851      0.002442  0.019    31     0     1
(Ocean diagnostics remapping)            0      0.000000      0.000000      0.000000      0.000000  0.000    41     0     1
(Ocean diagnostics grid updates)       526      0.013143      0.013199      0.013171      0.000028  0.001    41     0     1
(Ocean init message passing)             4      0.000311      0.000316      0.000313      0.000003  0.000    41     0     1
(Ocean continuity reconstruction       902      0.430713      0.433601      0.432157      0.001444  0.043    41     0     1
(Ocean continuity update)              902      0.087782      0.088840      0.088311      0.000529  0.009    41     0     1
(Ocean continuity correction)          902      2.642973      2.670434      2.656703      0.013730  0.264    41     0     1
(Ocean BT pre-calcs only)             1200      1.077466      1.085875      1.081671      0.004204  0.108    41     0     1
(Ocean BT pre-step halo updates)      1200      0.012748      0.012948      0.012848      0.000100  0.001    41     0     1
(Ocean BT stepping calcs only)         600      0.026849      0.027146      0.026997      0.000148  0.003    41     0     1
(Ocean BT stepping halo updates)       300      0.000810      0.000856      0.000833      0.000023  0.000    41     0     1
(Ocean BT post-calcs only)             900      0.205444      0.214798      0.210121      0.004677  0.021    41     0     1
(Ocean BT post-step halo updates       600      0.001644      0.001698      0.001671      0.000027  0.000    41     0     1
(Ocean BT global synch)                  0      0.000000      0.000000      0.000000      0.000000  0.000    41     0     1
(Ocean Coriolis & mom advection)       300      0.406470      0.409548      0.408009      0.001539  0.041    31     0     1
(Ocean continuity equation)            450      3.198846      3.199016      3.198931      0.000085  0.318    31     0     1
(Ocean pressure force)                 150      0.240377      0.243146      0.241762      0.001384  0.024    31     0     1
(Ocean vertical viscosity)             450      2.629740      2.639801      2.634770      0.005031  0.262    31     0     1
(Ocean horizontal viscosity)           150      0.699341      0.704429      0.701885      0.002544  0.070    31     0     1
(Ocean momentum increments)            300      0.169790      0.170970      0.170380      0.000590  0.017    31     0     1
(Ocean message passing)               1350      0.114025      0.115282      0.114654      0.000628  0.011    31     0     1
(Ocean barotropic mode calc)           300      0.010968      0.011044      0.011006      0.000038  0.001    31     0     1
(Ocean barotropic mode stepping)       300      1.343559      1.352450      1.348004      0.004445  0.134    31     0     1
(Ocean barotropic forcing calc)        300      0.144043      0.147303      0.145673      0.001630  0.014    31     0     1
(Ocean advect tracer)                    0      0.000000      0.000000      0.000000      0.000000  0.000    31     0     1
(Ocean tracer halo updates)              0      0.000000      0.000000      0.000000      0.000000  0.000    41     0     1
(Ocean tracer global synch)              0      0.000000      0.000000      0.000000      0.000000  0.000    41     0     1
(Ocean diffuse tracer)                   0      0.000000      0.000000      0.000000      0.000000  0.000    31     0     1
(Ocean epipycnal diffuse tracer)         0      0.000000      0.000000      0.000000      0.000000  0.000    31     0     1
(Ocean surface forcing)                 76      0.000811      0.001322      0.001066      0.000256  0.000    31     0     1
(Ocean forcing diagnostics)            150      0.000305      0.000317      0.000311      0.000006  0.000    41     0     1
 MPP_STACK high water mark=           0
