NOTE: MPP_DOMAINS_SET_STACK_SIZE: stack size set to    32768.
NOTE: MPP_DOMAINS_SET_STACK_SIZE: stack size set to   344000.
NOTE: ======== Model being driven by MOM_driver ========
NOTE: callTree: o Program MOM_main, MOM_driver.F90
NOTE: open_param_file: MOM_input has been opened successfully.
NOTE: open_param_file: MOM_override has been opened successfully.

WARNING: MOM_file_parser : DT over-ridden.  Line: 'DT = 1200' in file MOM_override.


WARNING: MOM_file_parser : DT_THERM over-ridden.  Line: 'DT_THERM = 2400' in file MOM_override.


WARNING: MOM_file_parser : NIGLOBAL over-ridden.  Line: 'NIGLOBAL = 32' in file MOM_override.


WARNING: MOM_file_parser : NJGLOBAL over-ridden.  Line: 'NJGLOBAL = 32' in file MOM_override.

 MOM_in domain decomposition
whalo =    4, ehalo =    4, shalo =    4, nhalo =    4
  X-AXIS =   32
  Y-AXIS =   32
 MOM_inc domain decomposition
whalo =    2, ehalo =    2, shalo =    2, nhalo =    2
  X-AXIS =   16
  Y-AXIS =   16
NOTE: diag_manager_mod::diag_manager_init: prepend_date only supported when diag_manager_init is called with time_init present.
NOTE: diag_manager_mod::diag_manager_init: You are using the legacy version of the diag table
 MOM_in domain decomposition
whalo =    4, ehalo =    4, shalo =    4, nhalo =    4
  X-AXIS =   32
  Y-AXIS =   32
 MOM_in domain decomposition
whalo =    2, ehalo =    2, shalo =    2, nhalo =    2
  X-AXIS =   16
  Y-AXIS =   16

WARNING: MOM_file_parser : NK over-ridden.  Line: 'NK = 100' in file MOM_override.

 MOM_in domain decomposition
whalo =    4, ehalo =    4, shalo =    4, nhalo =    4
  X-AXIS =   32
  Y-AXIS =   32
 MOM_in domain decomposition
whalo =    2, ehalo =    2, shalo =    2, nhalo =    2
  X-AXIS =   16
  Y-AXIS =   16

WARNING: Open_file is appending .nc to the filename ./ocean_geometry


WARNING: MOM_file_parser : COORD_CONFIG over-ridden.  Line: 'COORD_CONFIG = "linear"' in file MOM_override.

 MOM_in domain decomposition
whalo =    4, ehalo =    4, shalo =    4, nhalo =    4
  X-AXIS =   32
  Y-AXIS =   32
 MOM_in domain decomposition
whalo =    2, ehalo =    2, shalo =    2, nhalo =    2
  X-AXIS =   16
  Y-AXIS =   16
 MOM_in domain decomposition
whalo =    4, ehalo =    4, shalo =    4, nhalo =    4
  X-AXIS =   32
  Y-AXIS =   32
 MOM_in domain decomposition
whalo =    2, ehalo =    2, shalo =    2, nhalo =    2
  X-AXIS =   16
  Y-AXIS =   16

WARNING: ./Depth_list.nc checksums do not match; updating file.


WARNING: MOM_file_parser : DT_FORCING over-ridden.  Line: 'DT_FORCING = 2400' in file MOM_override.


WARNING: MOM_file_parser : DAYMAX over-ridden.  Line: 'DAYMAX = 150' in file MOM_override.


WARNING: Unused line in MOM_input : GINT = 0.0098


WARNING: open_ASCII_file: File ./CPU_stats opened WRITEONLY already exists!


WARNING: open_ASCII_file: File ./ocean.stats opened WRITEONLY already exists!

MOM Time       0.000      0: En 9.113223E-12, MaxCFL  0.00000, Mass 5.289326887310E+18
    Total Energy: 4186FC2200E60E3E  4.8202816112331852E+07
    Total Mass:   5.2893268873103196E+18, Change:   0.0000000000000000E+00 Error:  0.00000E+00 ( 0.0E+00)
MOM Time      74.000     74: En 5.251666E-05, MaxCFL  0.00210, Mass 5.289326887310E+18
    Total Energy: 42EF9465D1133CD1  2.7777779057303053E+14
    Total Mass:   5.2893268873103196E+18, Change:   6.2737496446575506E+01 Error:  6.27375E+01 ( 1.2E-17)
 MOM_in domain decomposition
whalo =    4, ehalo =    4, shalo =    4, nhalo =    4
  X-AXIS =   32
  Y-AXIS =   32
 MOM_in domain decomposition
whalo =    2, ehalo =    2, shalo =    2, nhalo =    2
  X-AXIS =   16
  Y-AXIS =   16
 MOM_in domain decomposition
whalo =    4, ehalo =    4, shalo =    4, nhalo =    4
  X-AXIS =   32
  Y-AXIS =   32
 MOM_in domain decomposition
whalo =    2, ehalo =    2, shalo =    2, nhalo =    2
  X-AXIS =   16
  Y-AXIS =   16
MOM Time     150.000    150: En 5.356812E-05, MaxCFL  0.00233, Mass 5.289326887310E+18
    Total Energy: 42F01B2119017277  2.8333928717290344E+14
    Total Mass:   5.2893268873103196E+18, Change:   6.6969102188181182E+00 Error:  6.69691E+00 ( 1.3E-18)
 MOM_in domain decomposition
whalo =    4, ehalo =    4, shalo =    4, nhalo =    4
  X-AXIS =   32
  Y-AXIS =   32
 MOM_in domain decomposition
whalo =    2, ehalo =    2, shalo =    2, nhalo =    2
  X-AXIS =   16
  Y-AXIS =   16

WARNING: open_ASCII_file: File RESTART/ocean_solo.res opened WRITEONLY already exists!


WARNING: open_ASCII_file: File exitcode opened WRITEONLY already exists!

NOTE: Potential error in diag_manager_end: u NOT available, check if output interval > runlength. Netcdf fill_values are written
NOTE: Potential error in diag_manager_end: v NOT available, check if output interval > runlength. Netcdf fill_values are written
NOTE: Potential error in diag_manager_end: h NOT available, check if output interval > runlength. Netcdf fill_values are written
NOTE: Potential error in diag_manager_end: e NOT available, check if output interval > runlength. Netcdf fill_values are written
NOTE: Potential error in diag_manager_end: u NOT available, check if output interval > runlength. Netcdf fill_values are written
NOTE: Potential error in diag_manager_end: v NOT available, check if output interval > runlength. Netcdf fill_values are written
NOTE: Potential error in diag_manager_end: h NOT available, check if output interval > runlength. Netcdf fill_values are written
NOTE: Potential error in diag_manager_end: e NOT available, check if output interval > runlength. Netcdf fill_values are written
NOTE: Potential error in diag_manager_end: uh NOT available, check if output interval > runlength. Netcdf fill_values are written
NOTE: Potential error in diag_manager_end: vh NOT available, check if output interval > runlength. Netcdf fill_values are written
 MPP_DOMAINS_STACK high water mark=           0

Tabulating mpp_clock statistics across      1 PEs...

                                      hits          tmin          tmax          tavg          tstd  tfrac grain pemin pemax
Total runtime                            1      9.056358      9.056358      9.056358      0.000000  1.000     0     0     0
Initialization                           1      0.235162      0.235162      0.235162      0.000000  0.026     0     0     0
Main loop                                1      8.765544      8.765544      8.765544      0.000000  0.968     0     0     0
Termination                              1      0.051652      0.051652      0.051652      0.000000  0.006     0     0     0
Ocean Initialization                     2      0.226202      0.226202      0.226202      0.000000  0.025    11     0     0
Ocean                                   75      8.643412      8.643412      8.643412      0.000000  0.954     1     0     0
Ocean dynamics                         300      8.480669      8.480669      8.480669      0.000000  0.936    11     0     0
Ocean thermodynamics and tracers       225      0.007954      0.007954      0.007954      0.000000  0.001    11     0     0
Ocean grid generation and remapp         0      0.000000      0.000000      0.000000      0.000000  0.000    11     0     0
Ocean Other                            450      0.139344      0.139344      0.139344      0.000000  0.015    11     0     0
(Ocean tracer advection)               150      0.005671      0.005671      0.005671      0.000000  0.001    21     0     0
(Ocean adiabatic driver)                75      0.002235      0.002235      0.002235      0.000000  0.000    21     0     0
(Ocean continuity equation *)            0      0.000000      0.000000      0.000000      0.000000  0.000    31     0     0
(Ocean set BBL viscosity)               75      0.133989      0.133989      0.133989      0.000000  0.015    31     0     0
(Ocean message passing *)              150      0.000350      0.000350      0.000350      0.000000  0.000    31     0     0
(Ocean MOM_initialize_state)             2      0.004523      0.004523      0.004523      0.000000  0.000    31     0     0
(Ocean init message passing *)           2      0.000082      0.000082      0.000082      0.000000  0.000    41     0     0
(Ocean mixed layer restrat)              0      0.000000      0.000000      0.000000      0.000000  0.000    31     0     0
(Ocean collective diagnostics)         375      0.107483      0.107483      0.107483      0.000000  0.012    31     0     0
(Ocean Z-space diagnostics)              0      0.000000      0.000000      0.000000      0.000000  0.000    31     0     0
(Ocean ALE)                              0      0.000000      0.000000      0.000000      0.000000  0.000    31     0     0
(Stochastic EOS)                       150      0.000006      0.000006      0.000006      0.000000  0.000    31     0     0
(SGS Temperature Variance)             150      0.000005      0.000005      0.000005      0.000000  0.000    31     0     0
(Ocean diagnostics framework)          600      0.183202      0.183202      0.183202      0.000000  0.020    31     0     0
(Ocean diagnostics remapping)            0      0.000000      0.000000      0.000000      0.000000  0.000    41     0     0
(Ocean diagnostics grid updates)       526      0.010435      0.010435      0.010435      0.000000  0.001    41     0     0
(Ocean init message passing)             4      0.000013      0.000013      0.000013      0.000000  0.000    41     0     0
(Ocean continuity reconstruction       902      0.243469      0.243469      0.243469      0.000000  0.027    41     0     0
(Ocean continuity update)              902      0.046470      0.046470      0.046470      0.000000  0.005    41     0     0
(Ocean continuity correction)          902      2.514644      2.514644      2.514644      0.000000  0.278    41     0     0
(Ocean BT pre-calcs only)             1200      0.808419      0.808419      0.808419      0.000000  0.089    41     0     0
(Ocean BT pre-step halo updates)      1200      0.004455      0.004455      0.004455      0.000000  0.000    41     0     0
(Ocean BT stepping calcs only)         600      0.025533      0.025533      0.025533      0.000000  0.003    41     0     0
(Ocean BT stepping halo updates)       300      0.000054      0.000054      0.000054      0.000000  0.000    41     0     0
(Ocean BT post-calcs only)             900      0.149668      0.149668      0.149668      0.000000  0.017    41     0     0
(Ocean BT post-step halo updates       600      0.000154      0.000154      0.000154      0.000000  0.000    41     0     0
(Ocean BT global synch)                  0      0.000000      0.000000      0.000000      0.000000  0.000    41     0     0
(Ocean Coriolis & mom advection)       300      0.738621      0.738621      0.738621      0.000000  0.082    31     0     0
(Ocean continuity equation)            450      2.811037      2.811037      2.811037      0.000000  0.310    31     0     0
(Ocean pressure force)                 150      0.149022      0.149022      0.149022      0.000000  0.016    31     0     0
(Ocean vertical viscosity)             450      2.488752      2.488752      2.488752      0.000000  0.275    31     0     0
(Ocean horizontal viscosity)           150      0.636461      0.636461      0.636461      0.000000  0.070    31     0     0
(Ocean momentum increments)            300      0.083375      0.083375      0.083375      0.000000  0.009    31     0     0
(Ocean message passing)               1350      0.000901      0.000901      0.000901      0.000000  0.000    31     0     0
(Ocean barotropic mode calc)           300      0.007330      0.007330      0.007330      0.000000  0.001    31     0     0
(Ocean barotropic mode stepping)       300      0.989587      0.989587      0.989587      0.000000  0.109    31     0     0
(Ocean barotropic forcing calc)        300      0.121477      0.121477      0.121477      0.000000  0.013    31     0     0
(Ocean advect tracer)                    0      0.000000      0.000000      0.000000      0.000000  0.000    31     0     0
(Ocean tracer halo updates)              0      0.000000      0.000000      0.000000      0.000000  0.000    41     0     0
(Ocean tracer global synch)              0      0.000000      0.000000      0.000000      0.000000  0.000    41     0     0
(Ocean diffuse tracer)                   0      0.000000      0.000000      0.000000      0.000000  0.000    31     0     0
(Ocean epipycnal diffuse tracer)         0      0.000000      0.000000      0.000000      0.000000  0.000    31     0     0
(Ocean surface forcing)                 76      0.001464      0.001464      0.001464      0.000000  0.000    31     0     0
(Ocean forcing diagnostics)            150      0.000321      0.000321      0.000321      0.000000  0.000    41     0     0
 MPP_STACK high water mark=           0
