NOTE from PE     0: MPP_DOMAINS_SET_STACK_SIZE: stack size set to    32768.
NOTE from PE     0: MPP_DOMAINS_SET_STACK_SIZE: stack size set to   344000.
NOTE from PE     0: ======== Model being driven by MOM_driver ========
NOTE from PE     0: callTree: o Program MOM_main, MOM_driver.F90
NOTE from PE     0: open_param_file: MOM_input has been opened successfully.
NOTE from PE     0: open_param_file: MOM_override has been opened successfully.

WARNING from PE     0: MOM_file_parser : DT over-ridden.  Line: 'DT = 300' in file MOM_override.


WARNING from PE     0: MOM_file_parser : DT_THERM over-ridden.  Line: 'DT_THERM = 600' in file MOM_override.


WARNING from PE     0: MOM_file_parser : NIGLOBAL over-ridden.  Line: 'NIGLOBAL = 128' in file MOM_override.


WARNING from PE     0: MOM_file_parser : NJGLOBAL over-ridden.  Line: 'NJGLOBAL = 128' in file MOM_override.

 MOM_in domain decomposition
whalo =    4, ehalo =    4, shalo =    4, nhalo =    4
  X-AXIS =   32  32  32  32
  Y-AXIS =   32  32  32  32
 MOM_inc domain decomposition
whalo =    2, ehalo =    2, shalo =    2, nhalo =    2
  X-AXIS =   16  16  16  16
  Y-AXIS =   16  16  16  16
NOTE from PE     0: diag_manager_mod::diag_manager_init: prepend_date only supported when diag_manager_init is called with time_init present.
NOTE from PE     0: diag_manager_mod::diag_manager_init: You are using the legacy version of the diag table
 MOM_in domain decomposition
whalo =    4, ehalo =    4, shalo =    4, nhalo =    4
  X-AXIS =   32  32  32  32
  Y-AXIS =   32  32  32  32
 MOM_in domain decomposition
whalo =    2, ehalo =    2, shalo =    2, nhalo =    2
  X-AXIS =   16  16  16  16
  Y-AXIS =   16  16  16  16

WARNING from PE     0: MOM_file_parser : NK over-ridden.  Line: 'NK = 100' in file MOM_override.

 MOM_in domain decomposition
whalo =    4, ehalo =    4, shalo =    4, nhalo =    4
  X-AXIS =   32  32  32  32
  Y-AXIS =   32  32  32  32
 MOM_in domain decomposition
whalo =    2, ehalo =    2, shalo =    2, nhalo =    2
  X-AXIS =   16  16  16  16
  Y-AXIS =   16  16  16  16

WARNING from PE     0: Open_file is appending .nc to the filename ./ocean_geometry


WARNING from PE     0: MOM_file_parser : COORD_CONFIG over-ridden.  Line: 'COORD_CONFIG = "linear"' in file MOM_override.

 MOM_in domain decomposition
whalo =    4, ehalo =    4, shalo =    4, nhalo =    4
  X-AXIS =   32  32  32  32
  Y-AXIS =   32  32  32  32
 MOM_in domain decomposition
whalo =    2, ehalo =    2, shalo =    2, nhalo =    2
  X-AXIS =   16  16  16  16
  Y-AXIS =   16  16  16  16
 MOM_in domain decomposition
whalo =    4, ehalo =    4, shalo =    4, nhalo =    4
  X-AXIS =   32  32  32  32
  Y-AXIS =   32  32  32  32
 MOM_in domain decomposition
whalo =    2, ehalo =    2, shalo =    2, nhalo =    2
  X-AXIS =   16  16  16  16
  Y-AXIS =   16  16  16  16

WARNING from PE     0: ./Depth_list.nc checksums do not match; updating file.


WARNING from PE     0: MOM_file_parser : DT_FORCING over-ridden.  Line: 'DT_FORCING = 600' in file MOM_override.


WARNING from PE     0: MOM_file_parser : DAYMAX over-ridden.  Line: 'DAYMAX = 150' in file MOM_override.


WARNING from PE     0: Unused line in MOM_input : GINT = 0.0098


WARNING from PE     0: open_ASCII_file: File ./CPU_stats opened WRITEONLY already exists!


WARNING from PE     0: open_ASCII_file: File ./ocean.stats opened WRITEONLY already exists!

MOM Time       0.000      0: En 9.164544E-12, MaxCFL  0.00000, Mass 5.286601636954E+18
    Total Energy: 41871A3869A06820  4.8449293203323603E+07
    Total Mass:   5.2866016369539983E+18, Change:   0.0000000000000000E+00 Error:  0.00000E+00 ( 0.0E+00)
MOM Time      74.000     74: En 6.537120E-05, MaxCFL  0.00204, Mass 5.286601636954E+18
    Total Energy: 42F3A5048D316144  3.4559147029864425E+14
    Total Mass:   5.2866016369542748E+18, Change:   2.8020575575942080E+05 Error:  2.80206E+05 ( 5.3E-14)
 MOM_in domain decomposition
whalo =    4, ehalo =    4, shalo =    4, nhalo =    4
  X-AXIS =   32  32  32  32
  Y-AXIS =   32  32  32  32
 MOM_in domain decomposition
whalo =    2, ehalo =    2, shalo =    2, nhalo =    2
  X-AXIS =   16  16  16  16
  Y-AXIS =   16  16  16  16
 MOM_in domain decomposition
whalo =    4, ehalo =    4, shalo =    4, nhalo =    4
  X-AXIS =   32  32  32  32
  Y-AXIS =   32  32  32  32
 MOM_in domain decomposition
whalo =    2, ehalo =    2, shalo =    2, nhalo =    2
  X-AXIS =   16  16  16  16
  Y-AXIS =   16  16  16  16
MOM Time     150.000    150: En 6.198263E-05, MaxCFL  0.00212, Mass 5.286601636954E+18
    Total Energy: 42F2A055AE4E6B16  3.2767746486443338E+14
    Total Mass:   5.2866016369542748E+18, Change:   5.4845895563081740E+01 Error:  5.48459E+01 ( 1.0E-17)
 MOM_in domain decomposition
whalo =    4, ehalo =    4, shalo =    4, nhalo =    4
  X-AXIS =   32  32  32  32
  Y-AXIS =   32  32  32  32
 MOM_in domain decomposition
whalo =    2, ehalo =    2, shalo =    2, nhalo =    2
  X-AXIS =   16  16  16  16
  Y-AXIS =   16  16  16  16

WARNING from PE     0: open_ASCII_file: File RESTART/ocean_solo.res opened WRITEONLY already exists!


WARNING from PE     0: open_ASCII_file: File exitcode opened WRITEONLY already exists!

NOTE from PE     0: Potential error in diag_manager_end: u NOT available, check if output interval > runlength. Netcdf fill_values are written
NOTE from PE     0: Potential error in diag_manager_end: v NOT available, check if output interval > runlength. Netcdf fill_values are written
NOTE from PE     0: Potential error in diag_manager_end: h NOT available, check if output interval > runlength. Netcdf fill_values are written
NOTE from PE     0: Potential error in diag_manager_end: e NOT available, check if output interval > runlength. Netcdf fill_values are written
NOTE from PE     0: Potential error in diag_manager_end: u NOT available, check if output interval > runlength. Netcdf fill_values are written
NOTE from PE     0: Potential error in diag_manager_end: v NOT available, check if output interval > runlength. Netcdf fill_values are written
NOTE from PE     0: Potential error in diag_manager_end: h NOT available, check if output interval > runlength. Netcdf fill_values are written
NOTE from PE     0: Potential error in diag_manager_end: e NOT available, check if output interval > runlength. Netcdf fill_values are written
NOTE from PE     0: Potential error in diag_manager_end: uh NOT available, check if output interval > runlength. Netcdf fill_values are written
NOTE from PE     0: Potential error in diag_manager_end: vh NOT available, check if output interval > runlength. Netcdf fill_values are written
 MPP_DOMAINS_STACK high water mark=      275200

Tabulating mpp_clock statistics across     16 PEs...

                                      hits          tmin          tmax          tavg          tstd  tfrac grain pemin pemax
Total runtime                            1     24.631498     24.631498     24.631498      0.000000  1.000     0     0    15
Initialization                           1      0.143629      0.143790      0.143655      0.000036  0.006     0     0    15
Main loop                                1     24.187807     24.187809     24.187807      0.000000  0.982     0     0    15
Termination                              1      0.298555      0.298585      0.298558      0.000007  0.012     0     0    15
Ocean Initialization                     2      0.141983      0.144333      0.142145      0.000565  0.006    11     0    15
Ocean                                   75     23.882153     23.882603     23.882240      0.000100  0.970     1     0    15
Ocean dynamics                         300     23.008400     23.008606     23.008511      0.000057  0.934    11     0    15
Ocean thermodynamics and tracers       225      0.092965      0.097737      0.095632      0.001436  0.004    11     0    15
Ocean grid generation and remapp         0      0.000000      0.000000      0.000000      0.000000  0.000    11     0    15
Ocean Other                            450      0.515475      0.522160      0.519428      0.001738  0.021    11     0    15
(Ocean tracer advection)               150      0.060408      0.063332      0.062047      0.000887  0.003    21     0    15
(Ocean adiabatic driver)                75      0.031274      0.034252      0.033143      0.001123  0.001    21     0    15
(Ocean continuity equation *)            0      0.000000      0.000000      0.000000      0.000000  0.000    31     0    15
(Ocean set BBL viscosity)               75      0.222683      0.304046      0.261755      0.022986  0.011    31     0    15
(Ocean message passing *)              150      0.112422      0.131717      0.121650      0.006248  0.005    31     0    15
(Ocean MOM_initialize_state)             2      0.004066      0.005828      0.004579      0.000378  0.000    31     0    15
(Ocean init message passing *)           2      0.000574      0.001242      0.000887      0.000200  0.000    41     0    15
(Ocean mixed layer restrat)              0      0.000000      0.000000      0.000000      0.000000  0.000    31     0    15
(Ocean collective diagnostics)         375      0.463488      0.469746      0.467163      0.001873  0.019    31     0    15
(Ocean Z-space diagnostics)              0      0.000000      0.000000      0.000000      0.000000  0.000    31     0    15
(Ocean ALE)                              0      0.000000      0.000000      0.000000      0.000000  0.000    31     0    15
(Stochastic EOS)                       150      0.000005      0.000018      0.000006      0.000003  0.000    31     0    15
(SGS Temperature Variance)             150      0.000005      0.000019      0.000006      0.000003  0.000    31     0    15
(Ocean diagnostics framework)          600      0.622266      0.658302      0.640469      0.011110  0.026    31     0    15
(Ocean diagnostics remapping)            0      0.000000      0.000000      0.000000      0.000000  0.000    41     0    15
(Ocean diagnostics grid updates)       526      0.084488      0.088028      0.086242      0.001114  0.004    41     0    15
(Ocean init message passing)             4      0.002397      0.003391      0.002771      0.000314  0.000    41     0    15
(Ocean continuity reconstruction       902      1.647497      1.718321      1.687006      0.019039  0.068    41     0    15
(Ocean continuity update)              902      0.509852      0.558980      0.534121      0.013419  0.022    41     0    15
(Ocean continuity correction)          902      5.760982      6.457483      6.052942      0.180467  0.246    41     0    15
(Ocean BT pre-calcs only)             1200      2.291862      2.493751      2.359159      0.050755  0.096    41     0    15
(Ocean BT pre-step halo updates)      1200      0.046363      0.056638      0.051388      0.002980  0.002    41     0    15
(Ocean BT stepping calcs only)         600      0.053812      0.057356      0.055233      0.001046  0.002    41     0    15
(Ocean BT stepping halo updates)       300      0.003102      0.005187      0.004078      0.000638  0.000    41     0    15
(Ocean BT post-calcs only)             900      0.265105      0.289674      0.273534      0.006620  0.011    41     0    15
(Ocean BT post-step halo updates       600      0.005680      0.009280      0.007418      0.001134  0.000    41     0    15
(Ocean BT global synch)                  0      0.000000      0.000000      0.000000      0.000000  0.000    41     0    15
(Ocean Coriolis & mom advection)       300      0.893247      0.907963      0.899716      0.003637  0.037    31     0    15
(Ocean continuity equation)            450      9.096114      9.105769      9.100198      0.002699  0.369    31     0    15
(Ocean pressure force)                 150      1.372026      1.397912      1.385411      0.008403  0.056    31     0    15
(Ocean vertical viscosity)             450      3.592163      3.804202      3.659864      0.046321  0.149    31     0    15
(Ocean horizontal viscosity)           150      0.669255      0.679416      0.673644      0.002983  0.027    31     0    15
(Ocean momentum increments)            300      0.580625      0.608639      0.594112      0.006890  0.024    31     0    15
(Ocean message passing)               1350      0.852765      1.135406      0.997857      0.091074  0.041    31     0    15
(Ocean barotropic mode calc)           300      0.035451      0.043485      0.039933      0.001957  0.002    31     0    15
(Ocean barotropic mode stepping)       300      2.945722      2.970048      2.954105      0.006526  0.120    31     0    15
(Ocean barotropic forcing calc)        300      0.671796      0.707462      0.692953      0.008444  0.028    31     0    15
(Ocean advect tracer)                    0      0.000000      0.000000      0.000000      0.000000  0.000    31     0    15
(Ocean tracer halo updates)              0      0.000000      0.000000      0.000000      0.000000  0.000    41     0    15
(Ocean tracer global synch)              0      0.000000      0.000000      0.000000      0.000000  0.000    41     0    15
(Ocean diffuse tracer)                   0      0.000000      0.000000      0.000000      0.000000  0.000    31     0    15
(Ocean epipycnal diffuse tracer)         0      0.000000      0.000000      0.000000      0.000000  0.000    31     0    15
(Ocean surface forcing)                 76      0.000883      0.001381      0.000948      0.000113  0.000    31     0    15
(Ocean forcing diagnostics)            150      0.000452      0.000491      0.000473      0.000010  0.000    41     0    15
 MPP_STACK high water mark=           0
