NOTE from PE     0: MPP_DOMAINS_SET_STACK_SIZE: stack size set to    32768.
NOTE from PE     0: MPP_DOMAINS_SET_STACK_SIZE: stack size set to   344000.
NOTE from PE     0: ======== Model being driven by MOM_driver ========
NOTE from PE     0: callTree: o Program MOM_main, MOM_driver.F90
NOTE from PE     0: open_param_file: MOM_input has been opened successfully.
NOTE from PE     0: open_param_file: MOM_override has been opened successfully.

WARNING from PE     0: MOM_file_parser : DT over-ridden.  Line: 'DT = 75' in file MOM_override.


WARNING from PE     0: MOM_file_parser : DT_THERM over-ridden.  Line: 'DT_THERM = 150' in file MOM_override.


WARNING from PE     0: MOM_file_parser : NIGLOBAL over-ridden.  Line: 'NIGLOBAL = 512' in file MOM_override.


WARNING from PE     0: MOM_file_parser : NJGLOBAL over-ridden.  Line: 'NJGLOBAL = 256' in file MOM_override.

 MOM_in domain decomposition
whalo =    4, ehalo =    4, shalo =    4, nhalo =    4
  X-AXIS =   32  32  32  32  32  32  32  32  32  32  32  32  32  32  32  32
  Y-AXIS =   32  32  32  32  32  32  32  32
 MOM_inc domain decomposition
whalo =    2, ehalo =    2, shalo =    2, nhalo =    2
  X-AXIS =   16  16  16  16  16  16  16  16  16  16  16  16  16  16  16  16
  Y-AXIS =   16  16  16  16  16  16  16  16
NOTE from PE     0: diag_manager_mod::diag_manager_init: prepend_date only supported when diag_manager_init is called with time_init present.
NOTE from PE     0: diag_manager_mod::diag_manager_init: You are using the legacy version of the diag table
 MOM_in domain decomposition
whalo =    4, ehalo =    4, shalo =    4, nhalo =    4
  X-AXIS =   32  32  32  32  32  32  32  32  32  32  32  32  32  32  32  32
  Y-AXIS =   32  32  32  32  32  32  32  32
 MOM_in domain decomposition
whalo =    2, ehalo =    2, shalo =    2, nhalo =    2
  X-AXIS =   16  16  16  16  16  16  16  16  16  16  16  16  16  16  16  16
  Y-AXIS =   16  16  16  16  16  16  16  16

WARNING from PE     0: MOM_file_parser : NK over-ridden.  Line: 'NK = 100' in file MOM_override.

 MOM_in domain decomposition
whalo =    4, ehalo =    4, shalo =    4, nhalo =    4
  X-AXIS =   32  32  32  32  32  32  32  32  32  32  32  32  32  32  32  32
  Y-AXIS =   32  32  32  32  32  32  32  32
 MOM_in domain decomposition
whalo =    2, ehalo =    2, shalo =    2, nhalo =    2
  X-AXIS =   16  16  16  16  16  16  16  16  16  16  16  16  16  16  16  16
  Y-AXIS =   16  16  16  16  16  16  16  16

WARNING from PE     0: Open_file is appending .nc to the filename ./ocean_geometry


WARNING from PE     0: MOM_file_parser : COORD_CONFIG over-ridden.  Line: 'COORD_CONFIG = "linear"' in file MOM_override.

 MOM_in domain decomposition
whalo =    4, ehalo =    4, shalo =    4, nhalo =    4
  X-AXIS =   32  32  32  32  32  32  32  32  32  32  32  32  32  32  32  32
  Y-AXIS =   32  32  32  32  32  32  32  32
 MOM_in domain decomposition
whalo =    2, ehalo =    2, shalo =    2, nhalo =    2
  X-AXIS =   16  16  16  16  16  16  16  16  16  16  16  16  16  16  16  16
  Y-AXIS =   16  16  16  16  16  16  16  16
 MOM_in domain decomposition
whalo =    4, ehalo =    4, shalo =    4, nhalo =    4
  X-AXIS =   32  32  32  32  32  32  32  32  32  32  32  32  32  32  32  32
  Y-AXIS =   32  32  32  32  32  32  32  32
 MOM_in domain decomposition
whalo =    2, ehalo =    2, shalo =    2, nhalo =    2
  X-AXIS =   16  16  16  16  16  16  16  16  16  16  16  16  16  16  16  16
  Y-AXIS =   16  16  16  16  16  16  16  16

WARNING from PE     0: ./Depth_list.nc checksums do not match; updating file.


WARNING from PE     0: MOM_file_parser : DT_FORCING over-ridden.  Line: 'DT_FORCING = 150' in file MOM_override.


WARNING from PE     0: MOM_file_parser : DAYMAX over-ridden.  Line: 'DAYMAX = 150' in file MOM_override.


WARNING from PE     0: Unused line in MOM_input : GINT = 0.0098


WARNING from PE     0: open_ASCII_file: File ./CPU_stats opened WRITEONLY already exists!


WARNING from PE     0: open_ASCII_file: File ./ocean.stats opened WRITEONLY already exists!

MOM Time       0.000      0: En 9.167550E-12, MaxCFL  0.00000, Mass 5.286433166925E+18
    Total Energy: 41871BF8D6A88D17  4.8463642832300358E+07
    Total Mass:   5.2864331669247334E+18, Change:   0.0000000000000000E+00 Error:  0.00000E+00 ( 0.0E+00)
MOM Time      74.000     74: En 7.554151E-06, MaxCFL  0.00099, Mass 5.286433166925E+18
    Total Energy: 42C228FD43F82D0E  3.9934514163802109E+13
    Total Mass:   5.2864331669248748E+18, Change:   1.4032725624962867E+05 Error:  1.40327E+05 ( 2.7E-14)
 MOM_in domain decomposition
whalo =    4, ehalo =    4, shalo =    4, nhalo =    4
  X-AXIS =   32  32  32  32  32  32  32  32  32  32  32  32  32  32  32  32
  Y-AXIS =   32  32  32  32  32  32  32  32
 MOM_in domain decomposition
whalo =    2, ehalo =    2, shalo =    2, nhalo =    2
  X-AXIS =   16  16  16  16  16  16  16  16  16  16  16  16  16  16  16  16
  Y-AXIS =   16  16  16  16  16  16  16  16
 MOM_in domain decomposition
whalo =    4, ehalo =    4, shalo =    4, nhalo =    4
  X-AXIS =   32  32  32  32  32  32  32  32  32  32  32  32  32  32  32  32
  Y-AXIS =   32  32  32  32  32  32  32  32
 MOM_in domain decomposition
whalo =    2, ehalo =    2, shalo =    2, nhalo =    2
  X-AXIS =   16  16  16  16  16  16  16  16  16  16  16  16  16  16  16  16
  Y-AXIS =   16  16  16  16  16  16  16  16
MOM Time     150.000    150: En 2.597818E-05, MaxCFL  0.00165, Mass 5.286433166925E+18
    Total Energy: 42DF39C52AD29D49  1.3733192605963714E+14
    Total Mass:   5.2864331669248748E+18, Change:   4.6700166809749444E+00 Error:  4.67002E+00 ( 8.8E-19)
 MOM_in domain decomposition
whalo =    4, ehalo =    4, shalo =    4, nhalo =    4
  X-AXIS =   32  32  32  32  32  32  32  32  32  32  32  32  32  32  32  32
  Y-AXIS =   32  32  32  32  32  32  32  32
 MOM_in domain decomposition
whalo =    2, ehalo =    2, shalo =    2, nhalo =    2
  X-AXIS =   16  16  16  16  16  16  16  16  16  16  16  16  16  16  16  16
  Y-AXIS =   16  16  16  16  16  16  16  16

WARNING from PE     0: open_ASCII_file: File RESTART/ocean_solo.res opened WRITEONLY already exists!


WARNING from PE     0: open_ASCII_file: File exitcode opened WRITEONLY already exists!

NOTE from PE     0: Potential error in diag_manager_end: u NOT available, check if output interval > runlength. Netcdf fill_values are written
NOTE from PE     0: Potential error in diag_manager_end: v NOT available, check if output interval > runlength. Netcdf fill_values are written
NOTE from PE     0: Potential error in diag_manager_end: h NOT available, check if output interval > runlength. Netcdf fill_values are written
NOTE from PE     0: Potential error in diag_manager_end: e NOT available, check if output interval > runlength. Netcdf fill_values are written
NOTE from PE     0: Potential error in diag_manager_end: u NOT available, check if output interval > runlength. Netcdf fill_values are written
NOTE from PE     0: Potential error in diag_manager_end: v NOT available, check if output interval > runlength. Netcdf fill_values are written
NOTE from PE     0: Potential error in diag_manager_end: h NOT available, check if output interval > runlength. Netcdf fill_values are written
NOTE from PE     0: Potential error in diag_manager_end: e NOT available, check if output interval > runlength. Netcdf fill_values are written
NOTE from PE     0: Potential error in diag_manager_end: uh NOT available, check if output interval > runlength. Netcdf fill_values are written
NOTE from PE     0: Potential error in diag_manager_end: vh NOT available, check if output interval > runlength. Netcdf fill_values are written
 MPP_DOMAINS_STACK high water mark=      275200

Tabulating mpp_clock statistics across    128 PEs...

                                      hits          tmin          tmax          tavg          tstd  tfrac grain pemin pemax
Total runtime                            1    620.299316    620.328003    620.314941      0.006349  1.000     0     0   127
Initialization                           1      4.883873      4.911829      4.887039      0.005566  0.008     0     0   127
Main loop                                1    610.056030    610.088013    610.071960      0.005646  0.983     0     0   127
Termination                              1      4.969822      5.004023      4.991724      0.007238  0.008     0     0   127
Ocean Initialization                     2      5.260846      5.320204      5.280690      0.009080  0.009    11     0   127
Ocean                                   75    592.637146    592.807800    592.723328      0.022728  0.956     1     0   127
Ocean dynamics                         300    507.361969    507.678131    507.567596      0.049343  0.818    11     0   127
Ocean thermodynamics and tracers       225      8.356784      8.475306      8.416975      0.019762  0.014    11     0   127
Ocean grid generation and remapp         0      0.000000      0.000000      0.000000      0.000000  0.000    11     0   127
Ocean Other                            450     31.247234     32.823166     32.005672      0.424560  0.052    11     0   127
(Ocean tracer advection)               150      0.021214      0.071779      0.046174      0.007031  0.000    21     0   127
(Ocean adiabatic driver)                75      0.008349      0.033567      0.021608      0.004307  0.000    21     0   127
(Ocean continuity equation *)            0      0.000000      0.000000      0.000000      0.000000  0.000    31     0   127
(Ocean set BBL viscosity)               75      0.219123      0.576399      0.302912      0.069237  0.000    31     0   127
(Ocean message passing *)              150      0.115518      3.247374      1.776885      1.061071  0.003    31     0   127
(Ocean MOM_initialize_state)             2      0.019002      0.127508      0.049193      0.020741  0.000    31     0   127
(Ocean init message passing *)           2      0.001809      0.049088      0.018466      0.013913  0.000    41     0   127
(Ocean mixed layer restrat)              0      0.000000      0.000000      0.000000      0.000000  0.000    31     0   127
(Ocean collective diagnostics)         375     13.796632     13.939132     13.874736      0.023157  0.022    31     0   127
(Ocean Z-space diagnostics)              0      0.000000      0.000000      0.000000      0.000000  0.000    31     0   127
(Ocean ALE)                              0      0.000000      0.000000      0.000000      0.000000  0.000    31     0   127
(Stochastic EOS)                       150      0.000031      0.000054      0.000042      0.000005  0.000    31     0   127
(SGS Temperature Variance)             150      0.000040      0.000086      0.000057      0.000012  0.000    31     0   127
(Ocean diagnostics framework)          600      0.418973      0.961704      0.782384      0.083822  0.001    31     0   127
(Ocean diagnostics remapping)            0      0.000000      0.000000      0.000000      0.000000  0.000    41     0   127
(Ocean diagnostics grid updates)       526      0.049490      0.108224      0.088595      0.010055  0.000    41     0   127
(Ocean init message passing)             4      0.001178      0.096838      0.042032      0.033422  0.000    41     0   127
(Ocean continuity reconstruction       902      0.751152      2.267528      1.823599      0.281047  0.003    41     0   127
(Ocean continuity update)              902      0.256167      0.777254      0.621489      0.068242  0.001    41     0   127
(Ocean continuity correction)          902      4.985939     11.870225      8.868974      1.780142  0.014    41     0   127
(Ocean BT pre-calcs only)             1200     12.603360     14.993032     14.225454      0.424137  0.023    41     0   127
(Ocean BT pre-step halo updates)      1200      8.348992     29.534277     21.039482      6.736514  0.034    41     0   127
(Ocean BT stepping calcs only)         600      0.040112      0.103954      0.082787      0.009634  0.000    41     0   127
(Ocean BT stepping halo updates)       300      0.005223      4.943462      2.573966      1.600909  0.004    41     0   127
(Ocean BT post-calcs only)             900      0.228790      0.318757      0.280565      0.015799  0.000    41     0   127
(Ocean BT post-step halo updates       600      1.369520     11.142007      7.155650      3.327157  0.012    41     0   127
(Ocean BT global synch)                  0      0.000000      0.000000      0.000000      0.000000  0.000    41     0   127
(Ocean Coriolis & mom advection)       300      0.810340      1.587537      0.969426      0.064795  0.002    31     0   127
(Ocean continuity equation)            450     97.163048     97.771172     97.567734      0.126106  0.157    31     0   127
(Ocean pressure force)                 150      1.085205      3.327327      2.141015      0.425808  0.003    31     0   127
(Ocean vertical viscosity)             450      3.273234      6.340407      5.048269      0.828685  0.008    31     0   127
(Ocean horizontal viscosity)           150      0.674868      1.142375      0.854431      0.147473  0.001    31     0   127
(Ocean momentum increments)            300      0.285679      0.904842      0.655172      0.064442  0.001    31     0   127
(Ocean message passing)               1350      2.793355     34.085278     19.122545     10.998462  0.031    31     0   127
(Ocean barotropic mode calc)           300      0.038926      0.088736      0.057591      0.008699  0.000    31     0   127
(Ocean barotropic mode stepping)       300    199.607513    200.227814    199.917740      0.088760  0.322    31     0   127
(Ocean barotropic forcing calc)        300      0.323873      0.941592      0.776242      0.103683  0.001    31     0   127
(Ocean advect tracer)                    0      0.000000      0.000000      0.000000      0.000000  0.000    31     0   127
(Ocean tracer halo updates)              0      0.000000      0.000000      0.000000      0.000000  0.000    41     0   127
(Ocean tracer global synch)              0      0.000000      0.000000      0.000000      0.000000  0.000    41     0   127
(Ocean diffuse tracer)                   0      0.000000      0.000000      0.000000      0.000000  0.000    31     0   127
(Ocean epipycnal diffuse tracer)         0      0.000000      0.000000      0.000000      0.000000  0.000    31     0   127
(Ocean surface forcing)                 76      0.000910      0.040737      0.006136      0.008297  0.000    31     0   127
(Ocean forcing diagnostics)            150      0.000258      0.024281      0.003715      0.006006  0.000    41     0   127
 MPP_STACK high water mark=           0
