NOTE from PE     0: MPP_DOMAINS_SET_STACK_SIZE: stack size set to    32768.
NOTE from PE     0: MPP_DOMAINS_SET_STACK_SIZE: stack size set to   344000.
NOTE from PE     0: ======== Model being driven by MOM_driver ========
NOTE from PE     0: callTree: o Program MOM_main, MOM_driver.F90
NOTE from PE     0: open_param_file: MOM_input has been opened successfully.
NOTE from PE     0: open_param_file: MOM_override has been opened successfully.

WARNING from PE     0: MOM_file_parser : DT over-ridden.  Line: 'DT = 100' in file MOM_override.


WARNING from PE     0: MOM_file_parser : DT_THERM over-ridden.  Line: 'DT_THERM = 200' in file MOM_override.


WARNING from PE     0: MOM_file_parser : NIGLOBAL over-ridden.  Line: 'NIGLOBAL = 384' in file MOM_override.


WARNING from PE     0: MOM_file_parser : NJGLOBAL over-ridden.  Line: 'NJGLOBAL = 256' in file MOM_override.

 MOM_in domain decomposition
whalo =    4, ehalo =    4, shalo =    4, nhalo =    4
  X-AXIS =   32  32  32  32  32  32  32  32  32  32  32  32
  Y-AXIS =   32  32  32  32  32  32  32  32
 MOM_inc domain decomposition
whalo =    2, ehalo =    2, shalo =    2, nhalo =    2
  X-AXIS =   16  16  16  16  16  16  16  16  16  16  16  16
  Y-AXIS =   16  16  16  16  16  16  16  16
NOTE from PE     0: diag_manager_mod::diag_manager_init: prepend_date only supported when diag_manager_init is called with time_init present.
NOTE from PE     0: diag_manager_mod::diag_manager_init: You are using the legacy version of the diag table
 MOM_in domain decomposition
whalo =    4, ehalo =    4, shalo =    4, nhalo =    4
  X-AXIS =   32  32  32  32  32  32  32  32  32  32  32  32
  Y-AXIS =   32  32  32  32  32  32  32  32
 MOM_in domain decomposition
whalo =    2, ehalo =    2, shalo =    2, nhalo =    2
  X-AXIS =   16  16  16  16  16  16  16  16  16  16  16  16
  Y-AXIS =   16  16  16  16  16  16  16  16

WARNING from PE     0: MOM_file_parser : NK over-ridden.  Line: 'NK = 100' in file MOM_override.

 MOM_in domain decomposition
whalo =    4, ehalo =    4, shalo =    4, nhalo =    4
  X-AXIS =   32  32  32  32  32  32  32  32  32  32  32  32
  Y-AXIS =   32  32  32  32  32  32  32  32
 MOM_in domain decomposition
whalo =    2, ehalo =    2, shalo =    2, nhalo =    2
  X-AXIS =   16  16  16  16  16  16  16  16  16  16  16  16
  Y-AXIS =   16  16  16  16  16  16  16  16

WARNING from PE     0: Open_file is appending .nc to the filename ./ocean_geometry


WARNING from PE     0: MOM_file_parser : COORD_CONFIG over-ridden.  Line: 'COORD_CONFIG = "linear"' in file MOM_override.

 MOM_in domain decomposition
whalo =    4, ehalo =    4, shalo =    4, nhalo =    4
  X-AXIS =   32  32  32  32  32  32  32  32  32  32  32  32
  Y-AXIS =   32  32  32  32  32  32  32  32
 MOM_in domain decomposition
whalo =    2, ehalo =    2, shalo =    2, nhalo =    2
  X-AXIS =   16  16  16  16  16  16  16  16  16  16  16  16
  Y-AXIS =   16  16  16  16  16  16  16  16
 MOM_in domain decomposition
whalo =    4, ehalo =    4, shalo =    4, nhalo =    4
  X-AXIS =   32  32  32  32  32  32  32  32  32  32  32  32
  Y-AXIS =   32  32  32  32  32  32  32  32
 MOM_in domain decomposition
whalo =    2, ehalo =    2, shalo =    2, nhalo =    2
  X-AXIS =   16  16  16  16  16  16  16  16  16  16  16  16
  Y-AXIS =   16  16  16  16  16  16  16  16

WARNING from PE     0: ./Depth_list.nc checksums do not match; updating file.


WARNING from PE     0: MOM_file_parser : DT_FORCING over-ridden.  Line: 'DT_FORCING = 200' in file MOM_override.


WARNING from PE     0: MOM_file_parser : DAYMAX over-ridden.  Line: 'DAYMAX = 150' in file MOM_override.


WARNING from PE     0: Unused line in MOM_input : GINT = 0.0098


WARNING from PE     0: open_ASCII_file: File ./CPU_stats opened WRITEONLY already exists!


WARNING from PE     0: open_ASCII_file: File ./ocean.stats opened WRITEONLY already exists!

MOM Time       0.000      0: En 9.167442E-12, MaxCFL  0.00000, Mass 5.286439414611E+18
    Total Energy: 41871BE8B5EB7204  4.8463126739963561E+07
    Total Mass:   5.2864394146114447E+18, Change:   0.0000000000000000E+00 Error:  0.00000E+00 ( 0.0E+00)
MOM Time      74.000     74: En 1.270252E-05, MaxCFL  0.00125, Mass 5.286439414613E+18
    Total Energy: 42CE896A630C239A  6.7151088457799203E+13
    Total Mass:   5.2864394146131866E+18, Change:   1.7379401012217302E+06 Error:  1.73794E+06 ( 3.3E-13)
 MOM_in domain decomposition
whalo =    4, ehalo =    4, shalo =    4, nhalo =    4
  X-AXIS =   32  32  32  32  32  32  32  32  32  32  32  32
  Y-AXIS =   32  32  32  32  32  32  32  32
 MOM_in domain decomposition
whalo =    2, ehalo =    2, shalo =    2, nhalo =    2
  X-AXIS =   16  16  16  16  16  16  16  16  16  16  16  16
  Y-AXIS =   16  16  16  16  16  16  16  16
 MOM_in domain decomposition
whalo =    4, ehalo =    4, shalo =    4, nhalo =    4
  X-AXIS =   32  32  32  32  32  32  32  32  32  32  32  32
  Y-AXIS =   32  32  32  32  32  32  32  32
 MOM_in domain decomposition
whalo =    2, ehalo =    2, shalo =    2, nhalo =    2
  X-AXIS =   16  16  16  16  16  16  16  16  16  16  16  16
  Y-AXIS =   16  16  16  16  16  16  16  16
MOM Time     150.000    150: En 4.038870E-05, MaxCFL  0.00184, Mass 5.286439414615E+18
    Total Energy: 42E846076F58137B  2.1351241211919584E+14
    Total Mass:   5.2864394146145126E+18, Change:   1.3263871825906553E+06 Error:  1.32639E+06 ( 2.5E-13)
 MOM_in domain decomposition
whalo =    4, ehalo =    4, shalo =    4, nhalo =    4
  X-AXIS =   32  32  32  32  32  32  32  32  32  32  32  32
  Y-AXIS =   32  32  32  32  32  32  32  32
 MOM_in domain decomposition
whalo =    2, ehalo =    2, shalo =    2, nhalo =    2
  X-AXIS =   16  16  16  16  16  16  16  16  16  16  16  16
  Y-AXIS =   16  16  16  16  16  16  16  16

WARNING from PE     0: open_ASCII_file: File RESTART/ocean_solo.res opened WRITEONLY already exists!


WARNING from PE     0: open_ASCII_file: File exitcode opened WRITEONLY already exists!

NOTE from PE     0: Potential error in diag_manager_end: u NOT available, check if output interval > runlength. Netcdf fill_values are written
NOTE from PE     0: Potential error in diag_manager_end: v NOT available, check if output interval > runlength. Netcdf fill_values are written
NOTE from PE     0: Potential error in diag_manager_end: h NOT available, check if output interval > runlength. Netcdf fill_values are written
NOTE from PE     0: Potential error in diag_manager_end: e NOT available, check if output interval > runlength. Netcdf fill_values are written
NOTE from PE     0: Potential error in diag_manager_end: u NOT available, check if output interval > runlength. Netcdf fill_values are written
NOTE from PE     0: Potential error in diag_manager_end: v NOT available, check if output interval > runlength. Netcdf fill_values are written
NOTE from PE     0: Potential error in diag_manager_end: h NOT available, check if output interval > runlength. Netcdf fill_values are written
NOTE from PE     0: Potential error in diag_manager_end: e NOT available, check if output interval > runlength. Netcdf fill_values are written
NOTE from PE     0: Potential error in diag_manager_end: uh NOT available, check if output interval > runlength. Netcdf fill_values are written
NOTE from PE     0: Potential error in diag_manager_end: vh NOT available, check if output interval > runlength. Netcdf fill_values are written
 MPP_DOMAINS_STACK high water mark=      275200

Tabulating mpp_clock statistics across     96 PEs...

                                      hits          tmin          tmax          tavg          tstd  tfrac grain pemin pemax
Total runtime                            1     35.078873     35.078876     35.078861      0.000011  1.000     0     0    95
Initialization                           1      0.278781      0.278947      0.278882      0.000049  0.008     0     0    95
Main loop                                1     33.568367     33.568367     33.568363      0.000004  0.957     0     0    95
Termination                              1      1.229175      1.229217      1.229177      0.000004  0.035     0     0    95
Ocean Initialization                     2      0.272254      0.276146      0.272487      0.000384  0.008    11     0    95
Ocean                                   75     32.189636     32.190327     32.189949      0.000163  0.918     1     0    95
Ocean dynamics                         300     30.877983     30.878424     30.878164      0.000086  0.880    11     0    95
Ocean thermodynamics and tracers       225      0.135151      0.141542      0.138229      0.001899  0.004    11     0    95
Ocean grid generation and remapp         0      0.000000      0.000000      0.000000      0.000000  0.000    11     0    95
Ocean Other                            450      0.734284      0.754231      0.747510      0.004529  0.021    11     0    95
(Ocean tracer advection)               150      0.086210      0.091113      0.088556      0.001420  0.003    21     0    95
(Ocean adiabatic driver)                75      0.046996      0.050213      0.048718      0.000754  0.001    21     0    95
(Ocean continuity equation *)            0      0.000000      0.000000      0.000000      0.000000  0.000    31     0    95
(Ocean set BBL viscosity)               75      0.267205      0.382418      0.318523      0.029261  0.009    31     0    95
(Ocean message passing *)              150      0.163449      0.230025      0.206559      0.019175  0.006    31     0    95
(Ocean MOM_initialize_state)             2      0.005954      0.008003      0.007226      0.000393  0.000    31     0    95
(Ocean init message passing *)           2      0.000993      0.002566      0.002055      0.000337  0.000    41     0    95
(Ocean mixed layer restrat)              0      0.000000      0.000000      0.000000      0.000000  0.000    31     0    95
(Ocean collective diagnostics)         375      0.666309      0.685429      0.678897      0.004270  0.019    31     0    95
(Ocean Z-space diagnostics)              0      0.000000      0.000000      0.000000      0.000000  0.000    31     0    95
(Ocean ALE)                              0      0.000000      0.000000      0.000000      0.000000  0.000    31     0    95
(Stochastic EOS)                       150      0.000005      0.000030      0.000006      0.000003  0.000    31     0    95
(SGS Temperature Variance)             150      0.000005      0.000028      0.000006      0.000002  0.000    31     0    95
(Ocean diagnostics framework)          600      0.852922      0.928245      0.889444      0.015605  0.025    31     0    95
(Ocean diagnostics remapping)            0      0.000000      0.000000      0.000000      0.000000  0.000    41     0    95
(Ocean diagnostics grid updates)       526      0.118902      0.125901      0.123141      0.001952  0.004    41     0    95
(Ocean init message passing)             4      0.003303      0.005506      0.004744      0.000608  0.000    41     0    95
(Ocean continuity reconstruction       902      2.170057      2.405962      2.302334      0.047155  0.066    41     0    95
(Ocean continuity update)              902      0.693356      0.768668      0.735798      0.015936  0.021    41     0    95
(Ocean continuity correction)          902      7.435876      8.644101      8.060866      0.280481  0.230    41     0    95
(Ocean BT pre-calcs only)             1200      2.915850      3.115749      3.029106      0.043945  0.086    41     0    95
(Ocean BT pre-step halo updates)      1200      0.061578      0.082932      0.075929      0.005006  0.002    41     0    95
(Ocean BT stepping calcs only)         600      0.065588      0.072358      0.068624      0.001546  0.002    41     0    95
(Ocean BT stepping halo updates)       300      0.003655      0.006726      0.005719      0.000857  0.000    41     0    95
(Ocean BT post-calcs only)             900      0.339867      0.396460      0.367306      0.011279  0.010    41     0    95
(Ocean BT post-step halo updates       600      0.006930      0.013006      0.011091      0.001625  0.000    41     0    95
(Ocean BT global synch)                  0      0.000000      0.000000      0.000000      0.000000  0.000    41     0    95
(Ocean Coriolis & mom advection)       300      1.055647      1.092450      1.076917      0.008528  0.031    31     0    95
(Ocean continuity equation)            450     12.407590     12.425379     12.415133      0.005030  0.354    31     0    95
(Ocean pressure force)                 150      1.858234      1.953477      1.909926      0.023809  0.054    31     0    95
(Ocean vertical viscosity)             450      4.176517      4.534116      4.352124      0.073292  0.124    31     0    95
(Ocean horizontal viscosity)           150      0.716361      0.737427      0.725503      0.004623  0.021    31     0    95
(Ocean momentum increments)            300      0.783038      0.838867      0.813135      0.011591  0.023    31     0    95
(Ocean message passing)               1350      1.174490      1.915664      1.658110      0.200102  0.047    31     0    95
(Ocean barotropic mode calc)           300      0.046509      0.061492      0.053346      0.003228  0.002    31     0    95
(Ocean barotropic mode stepping)       300      3.811429      3.867593      3.838701      0.011180  0.109    31     0    95
(Ocean barotropic forcing calc)        300      0.887860      0.951339      0.925052      0.014975  0.026    31     0    95
(Ocean advect tracer)                    0      0.000000      0.000000      0.000000      0.000000  0.000    31     0    95
(Ocean tracer halo updates)              0      0.000000      0.000000      0.000000      0.000000  0.000    41     0    95
(Ocean tracer global synch)              0      0.000000      0.000000      0.000000      0.000000  0.000    41     0    95
(Ocean diffuse tracer)                   0      0.000000      0.000000      0.000000      0.000000  0.000    31     0    95
(Ocean epipycnal diffuse tracer)         0      0.000000      0.000000      0.000000      0.000000  0.000    31     0    95
(Ocean surface forcing)                 76      0.001001      0.001879      0.001364      0.000136  0.000    31     0    95
(Ocean forcing diagnostics)            150      0.000616      0.000997      0.000828      0.000091  0.000    41     0    95
 MPP_STACK high water mark=           0
