NOTE from PE     0: MPP_DOMAINS_SET_STACK_SIZE: stack size set to    32768.
NOTE from PE     0: MPP_DOMAINS_SET_STACK_SIZE: stack size set to   344000.
NOTE from PE     0: ======== Model being driven by MOM_driver ========
NOTE from PE     0: callTree: o Program MOM_main, MOM_driver.F90
NOTE from PE     0: open_param_file: MOM_input has been opened successfully.
NOTE from PE     0: open_param_file: MOM_override has been opened successfully.

WARNING from PE     0: MOM_file_parser : DT over-ridden.  Line: 'DT = 600' in file MOM_override.


WARNING from PE     0: MOM_file_parser : DT_THERM over-ridden.  Line: 'DT_THERM = 1200' in file MOM_override.


WARNING from PE     0: MOM_file_parser : NIGLOBAL over-ridden.  Line: 'NIGLOBAL = 64' in file MOM_override.


WARNING from PE     0: MOM_file_parser : NJGLOBAL over-ridden.  Line: 'NJGLOBAL = 32' in file MOM_override.

 MOM_in domain decomposition
whalo =    4, ehalo =    4, shalo =    4, nhalo =    4
  X-AXIS =   32  32
  Y-AXIS =   32
 MOM_inc domain decomposition
whalo =    2, ehalo =    2, shalo =    2, nhalo =    2
  X-AXIS =   16  16
  Y-AXIS =   16
NOTE from PE     0: diag_manager_mod::diag_manager_init: prepend_date only supported when diag_manager_init is called with time_init present.
NOTE from PE     0: diag_manager_mod::diag_manager_init: You are using the legacy version of the diag table
 MOM_in domain decomposition
whalo =    4, ehalo =    4, shalo =    4, nhalo =    4
  X-AXIS =   32  32
  Y-AXIS =   32
 MOM_in domain decomposition
whalo =    2, ehalo =    2, shalo =    2, nhalo =    2
  X-AXIS =   16  16
  Y-AXIS =   16

WARNING from PE     0: MOM_file_parser : NK over-ridden.  Line: 'NK = 100' in file MOM_override.

 MOM_in domain decomposition
whalo =    4, ehalo =    4, shalo =    4, nhalo =    4
  X-AXIS =   32  32
  Y-AXIS =   32
 MOM_in domain decomposition
whalo =    2, ehalo =    2, shalo =    2, nhalo =    2
  X-AXIS =   16  16
  Y-AXIS =   16

WARNING from PE     0: Open_file is appending .nc to the filename ./ocean_geometry


WARNING from PE     0: MOM_file_parser : COORD_CONFIG over-ridden.  Line: 'COORD_CONFIG = "linear"' in file MOM_override.

 MOM_in domain decomposition
whalo =    4, ehalo =    4, shalo =    4, nhalo =    4
  X-AXIS =   32  32
  Y-AXIS =   32
 MOM_in domain decomposition
whalo =    2, ehalo =    2, shalo =    2, nhalo =    2
  X-AXIS =   16  16
  Y-AXIS =   16
 MOM_in domain decomposition
whalo =    4, ehalo =    4, shalo =    4, nhalo =    4
  X-AXIS =   32  32
  Y-AXIS =   32
 MOM_in domain decomposition
whalo =    2, ehalo =    2, shalo =    2, nhalo =    2
  X-AXIS =   16  16
  Y-AXIS =   16

WARNING from PE     0: ./Depth_list.nc checksums do not match; updating file.


WARNING from PE     0: MOM_file_parser : DT_FORCING over-ridden.  Line: 'DT_FORCING = 1200' in file MOM_override.


WARNING from PE     0: MOM_file_parser : DAYMAX over-ridden.  Line: 'DAYMAX = 150' in file MOM_override.


WARNING from PE     0: Unused line in MOM_input : GINT = 0.0098


WARNING from PE     0: open_ASCII_file: File ./CPU_stats opened WRITEONLY already exists!


WARNING from PE     0: open_ASCII_file: File ./ocean.stats opened WRITEONLY already exists!

MOM Time       0.000      0: En 9.139699E-12, MaxCFL  0.00000, Mass 5.287973820617E+18
    Total Energy: 41870BB7CFD02D04  4.8330489976648360E+07
    Total Mass:   5.2879738206166907E+18, Change:   0.0000000000000000E+00 Error:  0.00000E+00 ( 0.0E+00)
MOM Time      74.000     74: En 6.359781E-05, MaxCFL  0.00119, Mass 5.287973820617E+18
    Total Energy: 42F31DDC60670B21  3.3630355655493006E+14
    Total Mass:   5.2879738206166907E+18, Change:   3.8626286659279458E+01 Error:  3.86263E+01 ( 7.3E-18)
 MOM_in domain decomposition
whalo =    4, ehalo =    4, shalo =    4, nhalo =    4
  X-AXIS =   32  32
  Y-AXIS =   32
 MOM_in domain decomposition
whalo =    2, ehalo =    2, shalo =    2, nhalo =    2
  X-AXIS =   16  16
  Y-AXIS =   16
 MOM_in domain decomposition
whalo =    4, ehalo =    4, shalo =    4, nhalo =    4
  X-AXIS =   32  32
  Y-AXIS =   32
 MOM_in domain decomposition
whalo =    2, ehalo =    2, shalo =    2, nhalo =    2
  X-AXIS =   16  16
  Y-AXIS =   16
MOM Time     150.000    150: En 5.690616E-05, MaxCFL  0.00134, Mass 5.287973820617E+18
    Total Energy: 42F11AEFDFEFCFC8  3.0091826003890850E+14
    Total Mass:   5.2879738206166907E+18, Change:   6.7340608248233877E+00 Error:  6.73406E+00 ( 1.3E-18)
 MOM_in domain decomposition
whalo =    4, ehalo =    4, shalo =    4, nhalo =    4
  X-AXIS =   32  32
  Y-AXIS =   32
 MOM_in domain decomposition
whalo =    2, ehalo =    2, shalo =    2, nhalo =    2
  X-AXIS =   16  16
  Y-AXIS =   16

WARNING from PE     0: open_ASCII_file: File RESTART/ocean_solo.res opened WRITEONLY already exists!


WARNING from PE     0: open_ASCII_file: File exitcode opened WRITEONLY already exists!

NOTE from PE     0: Potential error in diag_manager_end: u NOT available, check if output interval > runlength. Netcdf fill_values are written
NOTE from PE     0: Potential error in diag_manager_end: v NOT available, check if output interval > runlength. Netcdf fill_values are written
NOTE from PE     0: Potential error in diag_manager_end: h NOT available, check if output interval > runlength. Netcdf fill_values are written
NOTE from PE     0: Potential error in diag_manager_end: e NOT available, check if output interval > runlength. Netcdf fill_values are written
NOTE from PE     0: Potential error in diag_manager_end: u NOT available, check if output interval > runlength. Netcdf fill_values are written
NOTE from PE     0: Potential error in diag_manager_end: v NOT available, check if output interval > runlength. Netcdf fill_values are written
NOTE from PE     0: Potential error in diag_manager_end: h NOT available, check if output interval > runlength. Netcdf fill_values are written
NOTE from PE     0: Potential error in diag_manager_end: e NOT available, check if output interval > runlength. Netcdf fill_values are written
NOTE from PE     0: Potential error in diag_manager_end: uh NOT available, check if output interval > runlength. Netcdf fill_values are written
NOTE from PE     0: Potential error in diag_manager_end: vh NOT available, check if output interval > runlength. Netcdf fill_values are written
 MPP_DOMAINS_STACK high water mark=       64800

Tabulating mpp_clock statistics across      2 PEs...

                                      hits          tmin          tmax          tavg          tstd  tfrac grain pemin pemax
Total runtime                            1      9.833724      9.833724      9.833724      0.000000  1.000     0     0     1
Initialization                           1      0.116871      0.117051      0.116961      0.000090  0.012     0     0     1
Main loop                                1      9.650806      9.650806      9.650806      0.000000  0.981     0     0     1
Termination                              1      0.064559      0.064570      0.064565      0.000006  0.007     0     0     1
Ocean Initialization                     2      0.114703      0.116566      0.115634      0.000932  0.012    11     0     1
Ocean                                   75      9.546175      9.546355      9.546265      0.000090  0.971     1     0     1
Ocean dynamics                         300      9.344865      9.344874      9.344870      0.000005  0.950    11     0     1
Ocean thermodynamics and tracers       225      0.014889      0.015175      0.015032      0.000143  0.002    11     0     1
Ocean grid generation and remapp         0      0.000000      0.000000      0.000000      0.000000  0.000    11     0     1
Ocean Other                            450      0.150111      0.150332      0.150222      0.000110  0.015    11     0     1
(Ocean tracer advection)               150      0.009944      0.010026      0.009985      0.000041  0.001    21     0     1
(Ocean adiabatic driver)                75      0.004766      0.005136      0.004951      0.000185  0.001    21     0     1
(Ocean continuity equation *)            0      0.000000      0.000000      0.000000      0.000000  0.000    31     0     1
(Ocean set BBL viscosity)               75      0.178782      0.187164      0.182973      0.004191  0.019    31     0     1
(Ocean message passing *)              150      0.016532      0.016556      0.016544      0.000012  0.002    31     0     1
(Ocean MOM_initialize_state)             2      0.002999      0.004112      0.003555      0.000556  0.000    31     0     1
(Ocean init message passing *)           2      0.000233      0.000248      0.000241      0.000007  0.000    41     0     1
(Ocean mixed layer restrat)              0      0.000000      0.000000      0.000000      0.000000  0.000    31     0     1
(Ocean collective diagnostics)         375      0.116043      0.116071      0.116057      0.000014  0.012    31     0     1
(Ocean Z-space diagnostics)              0      0.000000      0.000000      0.000000      0.000000  0.000    31     0     1
(Ocean ALE)                              0      0.000000      0.000000      0.000000      0.000000  0.000    31     0     1
(Stochastic EOS)                       150      0.000005      0.000006      0.000005      0.000000  0.000    31     0     1
(SGS Temperature Variance)             150      0.000005      0.000006      0.000005      0.000000  0.000    31     0     1
(Ocean diagnostics framework)          600      0.186114      0.190855      0.188484      0.002371  0.019    31     0     1
(Ocean diagnostics remapping)            0      0.000000      0.000000      0.000000      0.000000  0.000    41     0     1
(Ocean diagnostics grid updates)       526      0.013471      0.013474      0.013473      0.000001  0.001    41     0     1
(Ocean init message passing)             4      0.000334      0.000338      0.000336      0.000002  0.000    41     0     1
(Ocean continuity reconstruction       902      0.298141      0.299056      0.298598      0.000457  0.030    41     0     1
(Ocean continuity update)              902      0.062887      0.063022      0.062955      0.000068  0.006    41     0     1
(Ocean continuity correction)          902      2.566581      2.579572      2.573077      0.006495  0.262    41     0     1
(Ocean BT pre-calcs only)             1200      1.072643      1.079165      1.075904      0.003261  0.109    41     0     1
(Ocean BT pre-step halo updates)      1200      0.013082      0.013356      0.013219      0.000137  0.001    41     0     1
(Ocean BT stepping calcs only)         600      0.025155      0.025241      0.025198      0.000043  0.003    41     0     1
(Ocean BT stepping halo updates)       300      0.000826      0.000878      0.000852      0.000026  0.000    41     0     1
(Ocean BT post-calcs only)             900      0.157720      0.158047      0.157883      0.000164  0.016    41     0     1
(Ocean BT post-step halo updates       600      0.001681      0.001724      0.001703      0.000022  0.000    41     0     1
(Ocean BT global synch)                  0      0.000000      0.000000      0.000000      0.000000  0.000    41     0     1
(Ocean Coriolis & mom advection)       300      0.751600      0.752691      0.752145      0.000546  0.076    31     0     1
(Ocean continuity equation)            450      2.964603      2.964992      2.964797      0.000194  0.301    31     0     1
(Ocean pressure force)                 150      0.189750      0.191289      0.190519      0.000769  0.019    31     0     1
(Ocean vertical viscosity)             450      2.520706      2.528842      2.524774      0.004068  0.257    31     0     1
(Ocean horizontal viscosity)           150      0.646888      0.648884      0.647886      0.000998  0.066    31     0     1
(Ocean momentum increments)            300      0.108743      0.109197      0.108970      0.000227  0.011    31     0     1
(Ocean message passing)               1350      0.109430      0.115844      0.112637      0.003207  0.011    31     0     1
(Ocean barotropic mode calc)           300      0.007942      0.008034      0.007988      0.000046  0.001    31     0     1
(Ocean barotropic mode stepping)       300      1.312329      1.312587      1.312458      0.000129  0.133    31     0     1
(Ocean barotropic forcing calc)        300      0.141135      0.143883      0.142509      0.001374  0.014    31     0     1
(Ocean advect tracer)                    0      0.000000      0.000000      0.000000      0.000000  0.000    31     0     1
(Ocean tracer halo updates)              0      0.000000      0.000000      0.000000      0.000000  0.000    41     0     1
(Ocean tracer global synch)              0      0.000000      0.000000      0.000000      0.000000  0.000    41     0     1
(Ocean diffuse tracer)                   0      0.000000      0.000000      0.000000      0.000000  0.000    31     0     1
(Ocean epipycnal diffuse tracer)         0      0.000000      0.000000      0.000000      0.000000  0.000    31     0     1
(Ocean surface forcing)                 76      0.000830      0.001359      0.001094      0.000265  0.000    31     0     1
(Ocean forcing diagnostics)            150      0.000295      0.000308      0.000302      0.000007  0.000    41     0     1
 MPP_STACK high water mark=           0
