NOTE from PE     0: MPP_DOMAINS_SET_STACK_SIZE: stack size set to    32768.
NOTE from PE     0: MPP_DOMAINS_SET_STACK_SIZE: stack size set to   344000.
NOTE from PE     0: ======== Model being driven by MOM_driver ========
NOTE from PE     0: callTree: o Program MOM_main, MOM_driver.F90
NOTE from PE     0: open_param_file: MOM_input has been opened successfully.
NOTE from PE     0: open_param_file: MOM_override has been opened successfully.

WARNING from PE     0: MOM_file_parser : DT over-ridden.  Line: 'DT = 600' in file MOM_override.


WARNING from PE     0: MOM_file_parser : DT_THERM over-ridden.  Line: 'DT_THERM = 1200' in file MOM_override.


WARNING from PE     0: MOM_file_parser : NIGLOBAL over-ridden.  Line: 'NIGLOBAL = 64' in file MOM_override.


WARNING from PE     0: MOM_file_parser : NJGLOBAL over-ridden.  Line: 'NJGLOBAL = 64' in file MOM_override.

 MOM_in domain decomposition
whalo =    4, ehalo =    4, shalo =    4, nhalo =    4
  X-AXIS =   32  32
  Y-AXIS =   32  32
 MOM_inc domain decomposition
whalo =    2, ehalo =    2, shalo =    2, nhalo =    2
  X-AXIS =   16  16
  Y-AXIS =   16  16
NOTE from PE     0: diag_manager_mod::diag_manager_init: prepend_date only supported when diag_manager_init is called with time_init present.
NOTE from PE     0: diag_manager_mod::diag_manager_init: You are using the legacy version of the diag table
 MOM_in domain decomposition
whalo =    4, ehalo =    4, shalo =    4, nhalo =    4
  X-AXIS =   32  32
  Y-AXIS =   32  32
 MOM_in domain decomposition
whalo =    2, ehalo =    2, shalo =    2, nhalo =    2
  X-AXIS =   16  16
  Y-AXIS =   16  16

WARNING from PE     0: MOM_file_parser : NK over-ridden.  Line: 'NK = 100' in file MOM_override.

 MOM_in domain decomposition
whalo =    4, ehalo =    4, shalo =    4, nhalo =    4
  X-AXIS =   32  32
  Y-AXIS =   32  32
 MOM_in domain decomposition
whalo =    2, ehalo =    2, shalo =    2, nhalo =    2
  X-AXIS =   16  16
  Y-AXIS =   16  16

WARNING from PE     0: Open_file is appending .nc to the filename ./ocean_geometry


WARNING from PE     0: MOM_file_parser : COORD_CONFIG over-ridden.  Line: 'COORD_CONFIG = "linear"' in file MOM_override.

 MOM_in domain decomposition
whalo =    4, ehalo =    4, shalo =    4, nhalo =    4
  X-AXIS =   32  32
  Y-AXIS =   32  32
 MOM_in domain decomposition
whalo =    2, ehalo =    2, shalo =    2, nhalo =    2
  X-AXIS =   16  16
  Y-AXIS =   16  16
 MOM_in domain decomposition
whalo =    4, ehalo =    4, shalo =    4, nhalo =    4
  X-AXIS =   32  32
  Y-AXIS =   32  32
 MOM_in domain decomposition
whalo =    2, ehalo =    2, shalo =    2, nhalo =    2
  X-AXIS =   16  16
  Y-AXIS =   16  16

WARNING from PE     0: ./Depth_list.nc checksums do not match; updating file.


WARNING from PE     0: MOM_file_parser : DT_FORCING over-ridden.  Line: 'DT_FORCING = 1200' in file MOM_override.


WARNING from PE     0: MOM_file_parser : DAYMAX over-ridden.  Line: 'DAYMAX = 150' in file MOM_override.


WARNING from PE     0: Unused line in MOM_input : GINT = 0.0098


WARNING from PE     0: open_ASCII_file: File ./CPU_stats opened WRITEONLY already exists!


WARNING from PE     0: open_ASCII_file: File ./ocean.stats opened WRITEONLY already exists!

MOM Time       0.000      0: En 9.154260E-12, MaxCFL  0.00000, Mass 5.287164009544E+18
    Total Energy: 418714365D25FB8C  4.8400075643546194E+07
    Total Mass:   5.2871640095440804E+18, Change:   0.0000000000000000E+00 Error:  0.00000E+00 ( 0.0E+00)
MOM Time      74.000     74: En 6.332940E-05, MaxCFL  0.00217, Mass 5.287164009544E+18
    Total Energy: 42F30875D7F2122B  3.3483292404150669E+14
    Total Mass:   5.2871640095440804E+18, Change:   1.0665025885441977E+01 Error:  1.06650E+01 ( 2.0E-18)
 MOM_in domain decomposition
whalo =    4, ehalo =    4, shalo =    4, nhalo =    4
  X-AXIS =   32  32
  Y-AXIS =   32  32
 MOM_in domain decomposition
whalo =    2, ehalo =    2, shalo =    2, nhalo =    2
  X-AXIS =   16  16
  Y-AXIS =   16  16
 MOM_in domain decomposition
whalo =    4, ehalo =    4, shalo =    4, nhalo =    4
  X-AXIS =   32  32
  Y-AXIS =   32  32
 MOM_in domain decomposition
whalo =    2, ehalo =    2, shalo =    2, nhalo =    2
  X-AXIS =   16  16
  Y-AXIS =   16  16
MOM Time     150.000    150: En 5.699787E-05, MaxCFL  0.00205, Mass 5.287164009544E+18
    Total Energy: 42F12152A9A33A28  3.0135709507267450E+14
    Total Mass:   5.2871640095440804E+18, Change:   3.4463692315704719E+00 Error:  3.44637E+00 ( 6.5E-19)
 MOM_in domain decomposition
whalo =    4, ehalo =    4, shalo =    4, nhalo =    4
  X-AXIS =   32  32
  Y-AXIS =   32  32
 MOM_in domain decomposition
whalo =    2, ehalo =    2, shalo =    2, nhalo =    2
  X-AXIS =   16  16
  Y-AXIS =   16  16

WARNING from PE     0: open_ASCII_file: File RESTART/ocean_solo.res opened WRITEONLY already exists!


WARNING from PE     0: open_ASCII_file: File exitcode opened WRITEONLY already exists!

NOTE from PE     0: Potential error in diag_manager_end: u NOT available, check if output interval > runlength. Netcdf fill_values are written
NOTE from PE     0: Potential error in diag_manager_end: v NOT available, check if output interval > runlength. Netcdf fill_values are written
NOTE from PE     0: Potential error in diag_manager_end: h NOT available, check if output interval > runlength. Netcdf fill_values are written
NOTE from PE     0: Potential error in diag_manager_end: e NOT available, check if output interval > runlength. Netcdf fill_values are written
NOTE from PE     0: Potential error in diag_manager_end: u NOT available, check if output interval > runlength. Netcdf fill_values are written
NOTE from PE     0: Potential error in diag_manager_end: v NOT available, check if output interval > runlength. Netcdf fill_values are written
NOTE from PE     0: Potential error in diag_manager_end: h NOT available, check if output interval > runlength. Netcdf fill_values are written
NOTE from PE     0: Potential error in diag_manager_end: e NOT available, check if output interval > runlength. Netcdf fill_values are written
NOTE from PE     0: Potential error in diag_manager_end: uh NOT available, check if output interval > runlength. Netcdf fill_values are written
NOTE from PE     0: Potential error in diag_manager_end: vh NOT available, check if output interval > runlength. Netcdf fill_values are written
 MPP_DOMAINS_STACK high water mark=      133600

Tabulating mpp_clock statistics across      4 PEs...

                                      hits          tmin          tmax          tavg          tstd  tfrac grain pemin pemax
Total runtime                            1     12.306849     12.306849     12.306849      0.000000  1.000     0     0     3
Initialization                           1      0.115097      0.115266      0.115142      0.000072  0.009     0     0     3
Main loop                                1     12.081316     12.081316     12.081316      0.000000  0.982     0     0     3
Termination                              1      0.108993      0.109006      0.108997      0.000005  0.009     0     0     3
Ocean Initialization                     2      0.113073      0.115089      0.113578      0.000873  0.009    11     0     3
Ocean                                   75     11.960404     11.960755     11.960501      0.000147  0.972     1     0     3
Ocean dynamics                         300     11.641247     11.641271     11.641259      0.000009  0.946    11     0     3
Ocean thermodynamics and tracers       225      0.031610      0.031980      0.031850      0.000143  0.003    11     0     3
Ocean grid generation and remapp         0      0.000000      0.000000      0.000000      0.000000  0.000    11     0     3
Ocean Other                            450      0.208712      0.210672      0.209452      0.000734  0.017    11     0     3
(Ocean tracer advection)               150      0.020752      0.021199      0.021034      0.000174  0.002    21     0     3
(Ocean adiabatic driver)                75      0.010611      0.010700      0.010659      0.000041  0.001    21     0     3
(Ocean continuity equation *)            0      0.000000      0.000000      0.000000      0.000000  0.000    31     0     3
(Ocean set BBL viscosity)               75      0.203080      0.225030      0.213617      0.009546  0.017    31     0     3
(Ocean message passing *)              150      0.033652      0.034887      0.034389      0.000507  0.003    31     0     3
(Ocean MOM_initialize_state)             2      0.003400      0.004539      0.003690      0.000490  0.000    31     0     3
(Ocean init message passing *)           2      0.000335      0.000350      0.000342      0.000006  0.000    41     0     3
(Ocean mixed layer restrat)              0      0.000000      0.000000      0.000000      0.000000  0.000    31     0     3
(Ocean collective diagnostics)         375      0.171347      0.172947      0.171996      0.000586  0.014    31     0     3
(Ocean Z-space diagnostics)              0      0.000000      0.000000      0.000000      0.000000  0.000    31     0     3
(Ocean ALE)                              0      0.000000      0.000000      0.000000      0.000000  0.000    31     0     3
(Stochastic EOS)                       150      0.000005      0.000007      0.000006      0.000001  0.000    31     0     3
(SGS Temperature Variance)             150      0.000005      0.000007      0.000006      0.000001  0.000    31     0     3
(Ocean diagnostics framework)          600      0.257237      0.266046      0.260660      0.003641  0.021    31     0     3
(Ocean diagnostics remapping)            0      0.000000      0.000000      0.000000      0.000000  0.000    41     0     3
(Ocean diagnostics grid updates)       526      0.029270      0.030567      0.029959      0.000486  0.002    41     0     3
(Ocean init message passing)             4      0.000755      0.000788      0.000776      0.000013  0.000    41     0     3
(Ocean continuity reconstruction       902      0.475838      0.489091      0.480912      0.004987  0.039    41     0     3
(Ocean continuity update)              902      0.160114      0.168585      0.165088      0.003157  0.013    41     0     3
(Ocean continuity correction)          902      2.874954      3.029910      2.943613      0.060779  0.239    41     0     3
(Ocean BT pre-calcs only)             1200      1.348799      1.387612      1.369781      0.013956  0.111    41     0     3
(Ocean BT pre-step halo updates)      1200      0.022866      0.023103      0.022982      0.000088  0.002    41     0     3
(Ocean BT stepping calcs only)         600      0.032139      0.034814      0.033348      0.001149  0.003    41     0     3
(Ocean BT stepping halo updates)       300      0.001694      0.001807      0.001763      0.000042  0.000    41     0     3
(Ocean BT post-calcs only)             900      0.174439      0.177940      0.176043      0.001247  0.014    41     0     3
(Ocean BT post-step halo updates       600      0.003217      0.003397      0.003319      0.000068  0.000    41     0     3
(Ocean BT global synch)                  0      0.000000      0.000000      0.000000      0.000000  0.000    41     0     3
(Ocean Coriolis & mom advection)       300      0.776289      0.783323      0.779729      0.002743  0.063    31     0     3
(Ocean continuity equation)            450      3.753430      3.754321      3.753840      0.000332  0.305    31     0     3
(Ocean pressure force)                 150      0.429265      0.438703      0.433484      0.004091  0.035    31     0     3
(Ocean vertical viscosity)             450      2.710336      2.818206      2.768600      0.040963  0.225    31     0     3
(Ocean horizontal viscosity)           150      0.654300      0.665728      0.659764      0.005444  0.054    31     0     3
(Ocean momentum increments)            300      0.211817      0.218504      0.214052      0.002665  0.017    31     0     3
(Ocean message passing)               1350      0.242472      0.261163      0.254644      0.007469  0.021    31     0     3
(Ocean barotropic mode calc)           300      0.011619      0.012528      0.012109      0.000362  0.001    31     0     3
(Ocean barotropic mode stepping)       300      1.654813      1.657843      1.656166      0.001084  0.135    31     0     3
(Ocean barotropic forcing calc)        300      0.263850      0.264985      0.264387      0.000412  0.021    31     0     3
(Ocean advect tracer)                    0      0.000000      0.000000      0.000000      0.000000  0.000    31     0     3
(Ocean tracer halo updates)              0      0.000000      0.000000      0.000000      0.000000  0.000    41     0     3
(Ocean tracer global synch)              0      0.000000      0.000000      0.000000      0.000000  0.000    41     0     3
(Ocean diffuse tracer)                   0      0.000000      0.000000      0.000000      0.000000  0.000    31     0     3
(Ocean epipycnal diffuse tracer)         0      0.000000      0.000000      0.000000      0.000000  0.000    31     0     3
(Ocean surface forcing)                 76      0.000856      0.001350      0.000982      0.000212  0.000    31     0     3
(Ocean forcing diagnostics)            150      0.000304      0.000326      0.000316      0.000008  0.000    41     0     3
 MPP_STACK high water mark=           0
