NOTE from PE     0: MPP_DOMAINS_SET_STACK_SIZE: stack size set to    32768.
NOTE from PE     0: MPP_DOMAINS_SET_STACK_SIZE: stack size set to   344000.
NOTE from PE     0: ======== Model being driven by MOM_driver ========
NOTE from PE     0: callTree: o Program MOM_main, MOM_driver.F90
NOTE from PE     0: open_param_file: MOM_input has been opened successfully.
NOTE from PE     0: open_param_file: MOM_override has been opened successfully.

WARNING from PE     0: MOM_file_parser : DT over-ridden.  Line: 'DT = 150' in file MOM_override.


WARNING from PE     0: MOM_file_parser : DT_THERM over-ridden.  Line: 'DT_THERM = 300' in file MOM_override.


WARNING from PE     0: MOM_file_parser : NIGLOBAL over-ridden.  Line: 'NIGLOBAL = 256' in file MOM_override.


WARNING from PE     0: MOM_file_parser : NJGLOBAL over-ridden.  Line: 'NJGLOBAL = 256' in file MOM_override.

 MOM_in domain decomposition
whalo =    4, ehalo =    4, shalo =    4, nhalo =    4
  X-AXIS =   32  32  32  32  32  32  32  32
  Y-AXIS =   32  32  32  32  32  32  32  32
 MOM_inc domain decomposition
whalo =    2, ehalo =    2, shalo =    2, nhalo =    2
  X-AXIS =   16  16  16  16  16  16  16  16
  Y-AXIS =   16  16  16  16  16  16  16  16
NOTE from PE     0: diag_manager_mod::diag_manager_init: prepend_date only supported when diag_manager_init is called with time_init present.
NOTE from PE     0: diag_manager_mod::diag_manager_init: You are using the legacy version of the diag table
 MOM_in domain decomposition
whalo =    4, ehalo =    4, shalo =    4, nhalo =    4
  X-AXIS =   32  32  32  32  32  32  32  32
  Y-AXIS =   32  32  32  32  32  32  32  32
 MOM_in domain decomposition
whalo =    2, ehalo =    2, shalo =    2, nhalo =    2
  X-AXIS =   16  16  16  16  16  16  16  16
  Y-AXIS =   16  16  16  16  16  16  16  16

WARNING from PE     0: MOM_file_parser : NK over-ridden.  Line: 'NK = 100' in file MOM_override.

 MOM_in domain decomposition
whalo =    4, ehalo =    4, shalo =    4, nhalo =    4
  X-AXIS =   32  32  32  32  32  32  32  32
  Y-AXIS =   32  32  32  32  32  32  32  32
 MOM_in domain decomposition
whalo =    2, ehalo =    2, shalo =    2, nhalo =    2
  X-AXIS =   16  16  16  16  16  16  16  16
  Y-AXIS =   16  16  16  16  16  16  16  16

WARNING from PE     0: Open_file is appending .nc to the filename ./ocean_geometry


WARNING from PE     0: MOM_file_parser : COORD_CONFIG over-ridden.  Line: 'COORD_CONFIG = "linear"' in file MOM_override.

 MOM_in domain decomposition
whalo =    4, ehalo =    4, shalo =    4, nhalo =    4
  X-AXIS =   32  32  32  32  32  32  32  32
  Y-AXIS =   32  32  32  32  32  32  32  32
 MOM_in domain decomposition
whalo =    2, ehalo =    2, shalo =    2, nhalo =    2
  X-AXIS =   16  16  16  16  16  16  16  16
  Y-AXIS =   16  16  16  16  16  16  16  16
 MOM_in domain decomposition
whalo =    4, ehalo =    4, shalo =    4, nhalo =    4
  X-AXIS =   32  32  32  32  32  32  32  32
  Y-AXIS =   32  32  32  32  32  32  32  32
 MOM_in domain decomposition
whalo =    2, ehalo =    2, shalo =    2, nhalo =    2
  X-AXIS =   16  16  16  16  16  16  16  16
  Y-AXIS =   16  16  16  16  16  16  16  16

WARNING from PE     0: ./Depth_list.nc checksums do not match; updating file.


WARNING from PE     0: MOM_file_parser : DT_FORCING over-ridden.  Line: 'DT_FORCING = 300' in file MOM_override.


WARNING from PE     0: MOM_file_parser : DAYMAX over-ridden.  Line: 'DAYMAX = 150' in file MOM_override.


WARNING from PE     0: Unused line in MOM_input : GINT = 0.0098


WARNING from PE     0: open_ASCII_file: File ./CPU_stats opened WRITEONLY already exists!


WARNING from PE     0: open_ASCII_file: File ./ocean.stats opened WRITEONLY already exists!

MOM Time       0.000      0: En 9.167136E-12, MaxCFL  0.00000, Mass 5.286457540076E+18
    Total Energy: 41871BBB56761B4C  4.8461674807669252E+07
    Total Mass:   5.2864575400760187E+18, Change:   0.0000000000000000E+00 Error:  0.00000E+00 ( 0.0E+00)
MOM Time      74.000     74: En 2.536295E-05, MaxCFL  0.00164, Mass 5.286457540073E+18
    Total Energy: 42DE7C7E2B6B1795  1.3408016621065433E+14
    Total Mass:   5.2864575400730481E+18, Change:  -2.9652905157268904E+06 Error: -2.96529E+06 (-5.6E-13)
 MOM_in domain decomposition
whalo =    4, ehalo =    4, shalo =    4, nhalo =    4
  X-AXIS =   32  32  32  32  32  32  32  32
  Y-AXIS =   32  32  32  32  32  32  32  32
 MOM_in domain decomposition
whalo =    2, ehalo =    2, shalo =    2, nhalo =    2
  X-AXIS =   16  16  16  16  16  16  16  16
  Y-AXIS =   16  16  16  16  16  16  16  16
 MOM_in domain decomposition
whalo =    4, ehalo =    4, shalo =    4, nhalo =    4
  X-AXIS =   32  32  32  32  32  32  32  32
  Y-AXIS =   32  32  32  32  32  32  32  32
 MOM_in domain decomposition
whalo =    2, ehalo =    2, shalo =    2, nhalo =    2
  X-AXIS =   16  16  16  16  16  16  16  16
  Y-AXIS =   16  16  16  16  16  16  16  16
MOM Time     150.000    150: En 6.647693E-05, MaxCFL  0.00207, Mass 5.286457540073E+18
    Total Energy: 42F3F9F15FF4A8A9  3.5142747811290656E+14
    Total Mass:   5.2864575400730491E+18, Change:  -4.6427370172843787E+01 Error: -4.64274E+01 (-8.8E-18)
 MOM_in domain decomposition
whalo =    4, ehalo =    4, shalo =    4, nhalo =    4
  X-AXIS =   32  32  32  32  32  32  32  32
  Y-AXIS =   32  32  32  32  32  32  32  32
 MOM_in domain decomposition
whalo =    2, ehalo =    2, shalo =    2, nhalo =    2
  X-AXIS =   16  16  16  16  16  16  16  16
  Y-AXIS =   16  16  16  16  16  16  16  16

WARNING from PE     0: open_ASCII_file: File RESTART/ocean_solo.res opened WRITEONLY already exists!


WARNING from PE     0: open_ASCII_file: File exitcode opened WRITEONLY already exists!

NOTE from PE     0: Potential error in diag_manager_end: u NOT available, check if output interval > runlength. Netcdf fill_values are written
NOTE from PE     0: Potential error in diag_manager_end: v NOT available, check if output interval > runlength. Netcdf fill_values are written
NOTE from PE     0: Potential error in diag_manager_end: h NOT available, check if output interval > runlength. Netcdf fill_values are written
NOTE from PE     0: Potential error in diag_manager_end: e NOT available, check if output interval > runlength. Netcdf fill_values are written
NOTE from PE     0: Potential error in diag_manager_end: u NOT available, check if output interval > runlength. Netcdf fill_values are written
NOTE from PE     0: Potential error in diag_manager_end: v NOT available, check if output interval > runlength. Netcdf fill_values are written
NOTE from PE     0: Potential error in diag_manager_end: h NOT available, check if output interval > runlength. Netcdf fill_values are written
NOTE from PE     0: Potential error in diag_manager_end: e NOT available, check if output interval > runlength. Netcdf fill_values are written
NOTE from PE     0: Potential error in diag_manager_end: uh NOT available, check if output interval > runlength. Netcdf fill_values are written
NOTE from PE     0: Potential error in diag_manager_end: vh NOT available, check if output interval > runlength. Netcdf fill_values are written
 MPP_DOMAINS_STACK high water mark=      275200

Tabulating mpp_clock statistics across     64 PEs...

                                      hits          tmin          tmax          tavg          tstd  tfrac grain pemin pemax
Total runtime                            1     34.008938     34.008938     34.008938      0.000000  1.000     0     0    63
Initialization                           1      0.217388      0.217517      0.217449      0.000031  0.006     0     0    63
Main loop                                1     32.697803     32.697803     32.697807      0.000004  0.961     0     0    63
Termination                              1      1.091660      1.091716      1.091661      0.000007  0.032     0     0    63
Ocean Initialization                     2      0.212543      0.216204      0.212723      0.000442  0.006    11     0    63
Ocean                                   75     31.761557     31.763725     31.762917      0.000742  0.934     1     0    63
Ocean dynamics                         300     30.476141     30.476873     30.476599      0.000223  0.896    11     0    63
Ocean thermodynamics and tracers       225      0.090920      0.141382      0.127164      0.019152  0.004    11     0    63
Ocean grid generation and remapp         0      0.000000      0.000000      0.000000      0.000000  0.000    11     0    63
Ocean Other                            450      0.687174      0.740852      0.722887      0.019847  0.021    11     0    63
(Ocean tracer advection)               150      0.059341      0.091492      0.081592      0.012211  0.002    21     0    63
(Ocean adiabatic driver)                75      0.029241      0.049529      0.044758      0.006985  0.001    21     0    63
(Ocean continuity equation *)            0      0.000000      0.000000      0.000000      0.000000  0.000    31     0    63
(Ocean set BBL viscosity)               75      0.245461      0.375444      0.304643      0.034824  0.009    31     0    63
(Ocean message passing *)              150      0.114634      0.224076      0.188678      0.033456  0.006    31     0    63
(Ocean MOM_initialize_state)             2      0.006013      0.008368      0.007249      0.000404  0.000    31     0    63
(Ocean init message passing *)           2      0.001066      0.002229      0.001735      0.000314  0.000    41     0    63
(Ocean mixed layer restrat)              0      0.000000      0.000000      0.000000      0.000000  0.000    31     0    63
(Ocean collective diagnostics)         375      0.623489      0.673217      0.657030      0.018011  0.019    31     0    63
(Ocean Z-space diagnostics)              0      0.000000      0.000000      0.000000      0.000000  0.000    31     0    63
(Ocean ALE)                              0      0.000000      0.000000      0.000000      0.000000  0.000    31     0    63
(Stochastic EOS)                       150      0.000005      0.000038      0.000006      0.000004  0.000    31     0    63
(SGS Temperature Variance)             150      0.000005      0.000038      0.000006      0.000004  0.000    31     0    63
(Ocean diagnostics framework)          600      0.630278      0.901268      0.821023      0.102175  0.024    31     0    63
(Ocean diagnostics remapping)            0      0.000000      0.000000      0.000000      0.000000  0.000    41     0    63
(Ocean diagnostics grid updates)       526      0.084010      0.125448      0.113231      0.015991  0.003    41     0    63
(Ocean init message passing)             4      0.002467      0.005227      0.004285      0.000820  0.000    41     0    63
(Ocean continuity reconstruction       902      1.623756      2.374689      2.144987      0.278904  0.063    41     0    63
(Ocean continuity update)              902      0.518556      0.756760      0.681487      0.087608  0.020    41     0    63
(Ocean continuity correction)          902      5.776606      8.505395      7.570676      0.894908  0.223    41     0    63
(Ocean BT pre-calcs only)             1200      2.292314      3.125625      2.865125      0.291702  0.084    41     0    63
(Ocean BT pre-step halo updates)      1200      0.053868      0.076901      0.069995      0.006075  0.002    41     0    63
(Ocean BT stepping calcs only)         600      0.054368      0.069958      0.064411      0.004534  0.002    41     0    63
(Ocean BT stepping halo updates)       300      0.003394      0.006384      0.005377      0.000834  0.000    41     0    63
(Ocean BT post-calcs only)             900      0.267001      0.388204      0.342370      0.039099  0.010    41     0    63
(Ocean BT post-step halo updates       600      0.006303      0.012380      0.010212      0.001607  0.000    41     0    63
(Ocean BT global synch)                  0      0.000000      0.000000      0.000000      0.000000  0.000    41     0    63
(Ocean Coriolis & mom advection)       300      0.892182      1.073315      1.014518      0.066830  0.030    31     0    63
(Ocean continuity equation)            450     12.224936     12.304401     12.279032      0.030553  0.361    31     0    63
(Ocean pressure force)                 150      1.348843      1.936172      1.773196      0.231591  0.052    31     0    63
(Ocean vertical viscosity)             450      3.558093      4.476558      4.168369      0.307982  0.123    31     0    63
(Ocean horizontal viscosity)           150      0.667842      0.700561      0.686538      0.007501  0.020    31     0    63
(Ocean momentum increments)            300      0.569607      0.837653      0.756395      0.097668  0.022    31     0    63
(Ocean message passing)               1350      0.854021      1.837970      1.502867      0.272374  0.044    31     0    63
(Ocean barotropic mode calc)           300      0.036097      0.059272      0.049885      0.006653  0.001    31     0    63
(Ocean barotropic mode stepping)       300      3.708637      3.828506      3.782989      0.038703  0.111    31     0    63
(Ocean barotropic forcing calc)        300      0.675775      0.946351      0.868199      0.102813  0.026    31     0    63
(Ocean advect tracer)                    0      0.000000      0.000000      0.000000      0.000000  0.000    31     0    63
(Ocean tracer halo updates)              0      0.000000      0.000000      0.000000      0.000000  0.000    41     0    63
(Ocean tracer global synch)              0      0.000000      0.000000      0.000000      0.000000  0.000    41     0    63
(Ocean diffuse tracer)                   0      0.000000      0.000000      0.000000      0.000000  0.000    31     0    63
(Ocean epipycnal diffuse tracer)         0      0.000000      0.000000      0.000000      0.000000  0.000    31     0    63
(Ocean surface forcing)                 76      0.000938      0.001554      0.001135      0.000088  0.000    31     0    63
(Ocean forcing diagnostics)            150      0.000596      0.000819      0.000740      0.000049  0.000    41     0    63
 MPP_STACK high water mark=           0
