NOTE from PE     0: MPP_DOMAINS_SET_STACK_SIZE: stack size set to    32768.
NOTE from PE     0: MPP_DOMAINS_SET_STACK_SIZE: stack size set to   344000.
NOTE from PE     0: ======== Model being driven by MOM_driver ========
NOTE from PE     0: callTree: o Program MOM_main, MOM_driver.F90
NOTE from PE     0: open_param_file: MOM_input has been opened successfully.
NOTE from PE     0: open_param_file: MOM_override has been opened successfully.

WARNING from PE     0: MOM_file_parser : DT over-ridden.  Line: 'DT = 300' in file MOM_override.


WARNING from PE     0: MOM_file_parser : DT_THERM over-ridden.  Line: 'DT_THERM = 600' in file MOM_override.


WARNING from PE     0: MOM_file_parser : NIGLOBAL over-ridden.  Line: 'NIGLOBAL = 128' in file MOM_override.


WARNING from PE     0: MOM_file_parser : NJGLOBAL over-ridden.  Line: 'NJGLOBAL = 64' in file MOM_override.

 MOM_in domain decomposition
whalo =    4, ehalo =    4, shalo =    4, nhalo =    4
  X-AXIS =   32  32  32  32
  Y-AXIS =   32  32
 MOM_inc domain decomposition
whalo =    2, ehalo =    2, shalo =    2, nhalo =    2
  X-AXIS =   16  16  16  16
  Y-AXIS =   16  16
NOTE from PE     0: diag_manager_mod::diag_manager_init: prepend_date only supported when diag_manager_init is called with time_init present.
NOTE from PE     0: diag_manager_mod::diag_manager_init: You are using the legacy version of the diag table
 MOM_in domain decomposition
whalo =    4, ehalo =    4, shalo =    4, nhalo =    4
  X-AXIS =   32  32  32  32
  Y-AXIS =   32  32
 MOM_in domain decomposition
whalo =    2, ehalo =    2, shalo =    2, nhalo =    2
  X-AXIS =   16  16  16  16
  Y-AXIS =   16  16

WARNING from PE     0: MOM_file_parser : NK over-ridden.  Line: 'NK = 100' in file MOM_override.

 MOM_in domain decomposition
whalo =    4, ehalo =    4, shalo =    4, nhalo =    4
  X-AXIS =   32  32  32  32
  Y-AXIS =   32  32
 MOM_in domain decomposition
whalo =    2, ehalo =    2, shalo =    2, nhalo =    2
  X-AXIS =   16  16  16  16
  Y-AXIS =   16  16

WARNING from PE     0: Open_file is appending .nc to the filename ./ocean_geometry


WARNING from PE     0: MOM_file_parser : COORD_CONFIG over-ridden.  Line: 'COORD_CONFIG = "linear"' in file MOM_override.

 MOM_in domain decomposition
whalo =    4, ehalo =    4, shalo =    4, nhalo =    4
  X-AXIS =   32  32  32  32
  Y-AXIS =   32  32
 MOM_in domain decomposition
whalo =    2, ehalo =    2, shalo =    2, nhalo =    2
  X-AXIS =   16  16  16  16
  Y-AXIS =   16  16
 MOM_in domain decomposition
whalo =    4, ehalo =    4, shalo =    4, nhalo =    4
  X-AXIS =   32  32  32  32
  Y-AXIS =   32  32
 MOM_in domain decomposition
whalo =    2, ehalo =    2, shalo =    2, nhalo =    2
  X-AXIS =   16  16  16  16
  Y-AXIS =   16  16

WARNING from PE     0: ./Depth_list.nc checksums do not match; updating file.


WARNING from PE     0: MOM_file_parser : DT_FORCING over-ridden.  Line: 'DT_FORCING = 600' in file MOM_override.


WARNING from PE     0: MOM_file_parser : DAYMAX over-ridden.  Line: 'DAYMAX = 150' in file MOM_override.


WARNING from PE     0: Unused line in MOM_input : GINT = 0.0098


WARNING from PE     0: open_ASCII_file: File ./CPU_stats opened WRITEONLY already exists!


WARNING from PE     0: open_ASCII_file: File ./ocean.stats opened WRITEONLY already exists!

MOM Time       0.000      0: En 9.160882E-12, MaxCFL  0.00000, Mass 5.286809263738E+18
    Total Energy: 41871816D0E7EC73  4.8431834113243960E+07
    Total Mass:   5.2868092637381356E+18, Change:   0.0000000000000000E+00 Error:  0.00000E+00 ( 0.0E+00)
MOM Time      74.000     74: En 6.538355E-05, MaxCFL  0.00169, Mass 5.286809263739E+18
    Total Energy: 42F3A62A68BD6512  3.4567035209889712E+14
    Total Mass:   5.2868092637392783E+18, Change:   1.1425564079062345E+06 Error:  1.14256E+06 ( 2.2E-13)
 MOM_in domain decomposition
whalo =    4, ehalo =    4, shalo =    4, nhalo =    4
  X-AXIS =   32  32  32  32
  Y-AXIS =   32  32
 MOM_in domain decomposition
whalo =    2, ehalo =    2, shalo =    2, nhalo =    2
  X-AXIS =   16  16  16  16
  Y-AXIS =   16  16
 MOM_in domain decomposition
whalo =    4, ehalo =    4, shalo =    4, nhalo =    4
  X-AXIS =   32  32  32  32
  Y-AXIS =   32  32
 MOM_in domain decomposition
whalo =    2, ehalo =    2, shalo =    2, nhalo =    2
  X-AXIS =   16  16  16  16
  Y-AXIS =   16  16
MOM Time     150.000    150: En 6.205042E-05, MaxCFL  0.00121, Mass 5.286809263739E+18
    Total Energy: 42F2A5BCDBDA626C  3.2804875885930275E+14
    Total Mass:   5.2868092637392783E+18, Change:   3.5469027524335985E+01 Error:  3.54690E+01 ( 6.7E-18)
 MOM_in domain decomposition
whalo =    4, ehalo =    4, shalo =    4, nhalo =    4
  X-AXIS =   32  32  32  32
  Y-AXIS =   32  32
 MOM_in domain decomposition
whalo =    2, ehalo =    2, shalo =    2, nhalo =    2
  X-AXIS =   16  16  16  16
  Y-AXIS =   16  16

WARNING from PE     0: open_ASCII_file: File RESTART/ocean_solo.res opened WRITEONLY already exists!


WARNING from PE     0: open_ASCII_file: File exitcode opened WRITEONLY already exists!

NOTE from PE     0: Potential error in diag_manager_end: u NOT available, check if output interval > runlength. Netcdf fill_values are written
NOTE from PE     0: Potential error in diag_manager_end: v NOT available, check if output interval > runlength. Netcdf fill_values are written
NOTE from PE     0: Potential error in diag_manager_end: h NOT available, check if output interval > runlength. Netcdf fill_values are written
NOTE from PE     0: Potential error in diag_manager_end: e NOT available, check if output interval > runlength. Netcdf fill_values are written
NOTE from PE     0: Potential error in diag_manager_end: u NOT available, check if output interval > runlength. Netcdf fill_values are written
NOTE from PE     0: Potential error in diag_manager_end: v NOT available, check if output interval > runlength. Netcdf fill_values are written
NOTE from PE     0: Potential error in diag_manager_end: h NOT available, check if output interval > runlength. Netcdf fill_values are written
NOTE from PE     0: Potential error in diag_manager_end: e NOT available, check if output interval > runlength. Netcdf fill_values are written
NOTE from PE     0: Potential error in diag_manager_end: uh NOT available, check if output interval > runlength. Netcdf fill_values are written
NOTE from PE     0: Potential error in diag_manager_end: vh NOT available, check if output interval > runlength. Netcdf fill_values are written
 MPP_DOMAINS_STACK high water mark=      202400

Tabulating mpp_clock statistics across      8 PEs...

                                      hits          tmin          tmax          tavg          tstd  tfrac grain pemin pemax
Total runtime                            1     19.659517     19.659517     19.659517      0.000000  1.000     0     0     7
Initialization                           1      0.126497      0.126678      0.126525      0.000058  0.006     0     0     7
Main loop                                1     19.334528     19.334530     19.334528      0.000001  0.983     0     0     7
Termination                              1      0.197011      0.197025      0.197013      0.000005  0.010     0     0     7
Ocean Initialization                     2      0.125054      0.127193      0.125323      0.000707  0.006    11     0     7
Ocean                                   75     19.115870     19.116236     19.115929      0.000116  0.972     1     0     7
Ocean dynamics                         300     18.468973     18.469030     18.468990      0.000016  0.939    11     0     7
Ocean thermodynamics and tracers       225      0.067256      0.068037      0.067673      0.000258  0.003    11     0     7
Ocean grid generation and remapp         0      0.000000      0.000000      0.000000      0.000000  0.000    11     0     7
Ocean Other                            450      0.406945      0.410581      0.408606      0.001398  0.021    11     0     7
(Ocean tracer advection)               150      0.043743      0.044491      0.044095      0.000231  0.002    21     0     7
(Ocean adiabatic driver)                75      0.023133      0.023456      0.023335      0.000098  0.001    21     0     7
(Ocean continuity equation *)            0      0.000000      0.000000      0.000000      0.000000  0.000    31     0     7
(Ocean set BBL viscosity)               75      0.210474      0.262305      0.238427      0.018246  0.012    31     0     7
(Ocean message passing *)              150      0.071719      0.078929      0.075505      0.003088  0.004    31     0     7
(Ocean MOM_initialize_state)             2      0.003557      0.004826      0.003792      0.000394  0.000    31     0     7
(Ocean init message passing *)           2      0.000465      0.000697      0.000573      0.000081  0.000    41     0     7
(Ocean mixed layer restrat)              0      0.000000      0.000000      0.000000      0.000000  0.000    31     0     7
(Ocean collective diagnostics)         375      0.359970      0.363971      0.361750      0.001518  0.018    31     0     7
(Ocean Z-space diagnostics)              0      0.000000      0.000000      0.000000      0.000000  0.000    31     0     7
(Ocean ALE)                              0      0.000000      0.000000      0.000000      0.000000  0.000    31     0     7
(Stochastic EOS)                       150      0.000005      0.000010      0.000006      0.000002  0.000    31     0     7
(SGS Temperature Variance)             150      0.000005      0.000010      0.000006      0.000002  0.000    31     0     7
(Ocean diagnostics framework)          600      0.505057      0.527427      0.515011      0.008527  0.026    31     0     7
(Ocean diagnostics remapping)            0      0.000000      0.000000      0.000000      0.000000  0.000    41     0     7
(Ocean diagnostics grid updates)       526      0.063628      0.064674      0.064149      0.000312  0.003    41     0     7
(Ocean init message passing)             4      0.001686      0.001992      0.001836      0.000135  0.000    41     0     7
(Ocean continuity reconstruction       902      1.217965      1.261541      1.231580      0.012846  0.063    41     0     7
(Ocean continuity update)              902      0.448230      0.461981      0.455780      0.004852  0.023    41     0     7
(Ocean continuity correction)          902      4.706209      5.145526      4.904784      0.149434  0.249    41     0     7
(Ocean BT pre-calcs only)             1200      1.984234      2.115472      2.023267      0.039832  0.103    41     0     7
(Ocean BT pre-step halo updates)      1200      0.040709      0.044343      0.042662      0.001453  0.002    41     0     7
(Ocean BT stepping calcs only)         600      0.052496      0.055685      0.053716      0.000968  0.003    41     0     7
(Ocean BT stepping halo updates)       300      0.002800      0.003673      0.003288      0.000324  0.000    41     0     7
(Ocean BT post-calcs only)             900      0.230999      0.248379      0.235189      0.005376  0.012    41     0     7
(Ocean BT post-step halo updates       600      0.004249      0.005775      0.005046      0.000565  0.000    41     0     7
(Ocean BT global synch)                  0      0.000000      0.000000      0.000000      0.000000  0.000    41     0     7
(Ocean Coriolis & mom advection)       300      0.819461      0.833589      0.826663      0.004283  0.042    31     0     7
(Ocean continuity equation)            450      7.015113      7.017893      7.016273      0.000933  0.357    31     0     7
(Ocean pressure force)                 150      1.093459      1.099501      1.096086      0.001647  0.056    31     0     7
(Ocean vertical viscosity)             450      3.094139      3.209670      3.162470      0.044695  0.161    31     0     7
(Ocean horizontal viscosity)           150      0.659725      0.667003      0.664070      0.002364  0.034    31     0     7
(Ocean momentum increments)            300      0.455717      0.474662      0.468135      0.005475  0.024    31     0     7
(Ocean message passing)               1350      0.587829      0.743010      0.653422      0.058227  0.033    31     0     7
(Ocean barotropic mode calc)           300      0.029876      0.036848      0.032755      0.002162  0.002    31     0     7
(Ocean barotropic mode stepping)       300      2.496304      2.513372      2.500439      0.005259  0.127    31     0     7
(Ocean barotropic forcing calc)        300      0.555540      0.572547      0.564378      0.005616  0.029    31     0     7
(Ocean advect tracer)                    0      0.000000      0.000000      0.000000      0.000000  0.000    31     0     7
(Ocean tracer halo updates)              0      0.000000      0.000000      0.000000      0.000000  0.000    41     0     7
(Ocean tracer global synch)              0      0.000000      0.000000      0.000000      0.000000  0.000    41     0     7
(Ocean diffuse tracer)                   0      0.000000      0.000000      0.000000      0.000000  0.000    31     0     7
(Ocean epipycnal diffuse tracer)         0      0.000000      0.000000      0.000000      0.000000  0.000    31     0     7
(Ocean surface forcing)                 76      0.000854      0.001356      0.000929      0.000162  0.000    31     0     7
(Ocean forcing diagnostics)            150      0.000372      0.000394      0.000382      0.000007  0.000    41     0     7
 MPP_STACK high water mark=           0
